CRITICAL - 2020-12-19 12:35:38 --> Unable to connect to the database.
#0 D:\xampp\htdocs\reqapp_\system\Database\BaseConnection.php(646): CodeIgniter\Database\BaseConnection->initialize()
#1 D:\xampp\htdocs\reqapp_\system\Database\BaseBuilder.php(1860): CodeIgniter\Database\BaseConnection->query('SELECT *\nFROM `...', Array, false)
#2 D:\xampp\htdocs\reqapp_\system\Model.php(506): CodeIgniter\Database\BaseBuilder->get()
#3 D:\xampp\htdocs\reqapp_\app\Controllers\Auth.php(20): CodeIgniter\Model->first()
#4 D:\xampp\htdocs\reqapp_\system\CodeIgniter.php(918): App\Controllers\Auth->authCheck()
#5 D:\xampp\htdocs\reqapp_\system\CodeIgniter.php(404): CodeIgniter\CodeIgniter->runController(Object(App\Controllers\Auth))
#6 D:\xampp\htdocs\reqapp_\system\CodeIgniter.php(312): CodeIgniter\CodeIgniter->handleRequest(NULL, Object(Config\Cache), false)
#7 D:\xampp\htdocs\reqapp_\public\index.php(45): CodeIgniter\CodeIgniter->run()
#8 D:\xampp\htdocs\reqapp_\system\Commands\Server\rewrite.php(34): require_once('D:\\xampp\\htdocs...')
#9 {main}
CRITICAL - 2020-12-19 12:40:39 --> Undefined property: CodeIgniter\View\View::$uri
#0 D:\xampp\htdocs\reqapp_\app\Views\default_layout.php(86): CodeIgniter\Debug\Exceptions->errorHandler(8, 'Undefined prope...', 'D:\\xampp\\htdocs...', 86, Array)
#1 D:\xampp\htdocs\reqapp_\system\View\View.php(246): include('D:\\xampp\\htdocs...')
#2 D:\xampp\htdocs\reqapp_\system\View\View.php(257): CodeIgniter\View\View->render('default_layout', Array, true)
#3 D:\xampp\htdocs\reqapp_\system\Common.php(1119): CodeIgniter\View\View->render('pages/daftar-ke...', Array, true)
#4 D:\xampp\htdocs\reqapp_\app\Controllers\DaftarKebutuhan.php(13): view('pages/daftar-ke...', Array)
#5 D:\xampp\htdocs\reqapp_\system\CodeIgniter.php(918): App\Controllers\DaftarKebutuhan->index()
#6 D:\xampp\htdocs\reqapp_\system\CodeIgniter.php(404): CodeIgniter\CodeIgniter->runController(Object(App\Controllers\DaftarKebutuhan))
#7 D:\xampp\htdocs\reqapp_\system\CodeIgniter.php(312): CodeIgniter\CodeIgniter->handleRequest(NULL, Object(Config\Cache), false)
#8 D:\xampp\htdocs\reqapp_\public\index.php(45): CodeIgniter\CodeIgniter->run()
#9 D:\xampp\htdocs\reqapp_\system\Commands\Server\rewrite.php(34): require_once('D:\\xampp\\htdocs...')
#10 {main}
CRITICAL - 2020-12-19 12:41:11 --> Undefined property: CodeIgniter\View\View::$request
#0 D:\xampp\htdocs\reqapp_\app\Views\default_layout.php(86): CodeIgniter\Debug\Exceptions->errorHandler(8, 'Undefined prope...', 'D:\\xampp\\htdocs...', 86, Array)
#1 D:\xampp\htdocs\reqapp_\system\View\View.php(246): include('D:\\xampp\\htdocs...')
#2 D:\xampp\htdocs\reqapp_\system\View\View.php(257): CodeIgniter\View\View->render('default_layout', Array, true)
#3 D:\xampp\htdocs\reqapp_\system\Common.php(1119): CodeIgniter\View\View->render('pages/daftar-ke...', Array, true)
#4 D:\xampp\htdocs\reqapp_\app\Controllers\DaftarKebutuhan.php(13): view('pages/daftar-ke...', Array)
#5 D:\xampp\htdocs\reqapp_\system\CodeIgniter.php(918): App\Controllers\DaftarKebutuhan->index()
#6 D:\xampp\htdocs\reqapp_\system\CodeIgniter.php(404): CodeIgniter\CodeIgniter->runController(Object(App\Controllers\DaftarKebutuhan))
#7 D:\xampp\htdocs\reqapp_\system\CodeIgniter.php(312): CodeIgniter\CodeIgniter->handleRequest(NULL, Object(Config\Cache), false)
#8 D:\xampp\htdocs\reqapp_\public\index.php(45): CodeIgniter\CodeIgniter->run()
#9 D:\xampp\htdocs\reqapp_\system\Commands\Server\rewrite.php(34): require_once('D:\\xampp\\htdocs...')
#10 {main}
CRITICAL - 2020-12-19 12:42:09 --> Undefined property: CodeIgniter\View\View::$uri
#0 D:\xampp\htdocs\reqapp_\app\Views\default_layout.php(86): CodeIgniter\Debug\Exceptions->errorHandler(8, 'Undefined prope...', 'D:\\xampp\\htdocs...', 86, Array)
#1 D:\xampp\htdocs\reqapp_\system\View\View.php(246): include('D:\\xampp\\htdocs...')
#2 D:\xampp\htdocs\reqapp_\system\View\View.php(257): CodeIgniter\View\View->render('default_layout', Array, true)
#3 D:\xampp\htdocs\reqapp_\system\Common.php(1119): CodeIgniter\View\View->render('pages/daftar-ke...', Array, true)
#4 D:\xampp\htdocs\reqapp_\app\Controllers\DaftarKebutuhan.php(13): view('pages/daftar-ke...', Array)
#5 D:\xampp\htdocs\reqapp_\system\CodeIgniter.php(918): App\Controllers\DaftarKebutuhan->index()
#6 D:\xampp\htdocs\reqapp_\system\CodeIgniter.php(404): CodeIgniter\CodeIgniter->runController(Object(App\Controllers\DaftarKebutuhan))
#7 D:\xampp\htdocs\reqapp_\system\CodeIgniter.php(312): CodeIgniter\CodeIgniter->handleRequest(NULL, Object(Config\Cache), false)
#8 D:\xampp\htdocs\reqapp_\public\index.php(45): CodeIgniter\CodeIgniter->run()
#9 D:\xampp\htdocs\reqapp_\system\Commands\Server\rewrite.php(34): require_once('D:\\xampp\\htdocs...')
#10 {main}
CRITICAL - 2020-12-19 12:44:26 --> Undefined variable: request
#0 D:\xampp\htdocs\reqapp_\app\Config\Routes.php(5): CodeIgniter\Debug\Exceptions->errorHandler(8, 'Undefined varia...', 'D:\\xampp\\htdocs...', 5, Array)
#1 D:\xampp\htdocs\reqapp_\system\CodeIgniter.php(780): require('D:\\xampp\\htdocs...')
#2 D:\xampp\htdocs\reqapp_\system\CodeIgniter.php(364): CodeIgniter\CodeIgniter->tryToRouteIt(Object(CodeIgniter\Router\RouteCollection))
#3 D:\xampp\htdocs\reqapp_\system\CodeIgniter.php(312): CodeIgniter\CodeIgniter->handleRequest(NULL, Object(Config\Cache), false)
#4 D:\xampp\htdocs\reqapp_\public\index.php(45): CodeIgniter\CodeIgniter->run()
#5 D:\xampp\htdocs\reqapp_\system\Commands\Server\rewrite.php(34): require_once('D:\\xampp\\htdocs...')
#6 {main}
CRITICAL - 2020-12-19 12:45:00 --> Undefined variable: request
#0 D:\xampp\htdocs\reqapp_\app\Views\default_layout.php(86): CodeIgniter\Debug\Exceptions->errorHandler(8, 'Undefined varia...', 'D:\\xampp\\htdocs...', 86, Array)
#1 D:\xampp\htdocs\reqapp_\system\View\View.php(246): include('D:\\xampp\\htdocs...')
#2 D:\xampp\htdocs\reqapp_\system\View\View.php(257): CodeIgniter\View\View->render('default_layout', Array, true)
#3 D:\xampp\htdocs\reqapp_\system\Common.php(1119): CodeIgniter\View\View->render('pages/daftar-ke...', Array, true)
#4 D:\xampp\htdocs\reqapp_\app\Controllers\DaftarKebutuhan.php(13): view('pages/daftar-ke...', Array)
#5 D:\xampp\htdocs\reqapp_\system\CodeIgniter.php(918): App\Controllers\DaftarKebutuhan->index()
#6 D:\xampp\htdocs\reqapp_\system\CodeIgniter.php(404): CodeIgniter\CodeIgniter->runController(Object(App\Controllers\DaftarKebutuhan))
#7 D:\xampp\htdocs\reqapp_\system\CodeIgniter.php(312): CodeIgniter\CodeIgniter->handleRequest(NULL, Object(Config\Cache), false)
#8 D:\xampp\htdocs\reqapp_\public\index.php(45): CodeIgniter\CodeIgniter->run()
#9 D:\xampp\htdocs\reqapp_\system\Commands\Server\rewrite.php(34): require_once('D:\\xampp\\htdocs...')
#10 {main}
CRITICAL - 2020-12-19 12:46:36 --> Invalid file: report.php
#0 D:\xampp\htdocs\reqapp_\system\View\View.php(228): CodeIgniter\Exceptions\FrameworkException::forInvalidFile('report.php')
#1 D:\xampp\htdocs\reqapp_\system\Common.php(1119): CodeIgniter\View\View->render('report', Array, true)
#2 D:\xampp\htdocs\reqapp_\app\Controllers\gilangController.php(11): view('report')
#3 D:\xampp\htdocs\reqapp_\system\CodeIgniter.php(918): App\Controllers\gilangController->index()
#4 D:\xampp\htdocs\reqapp_\system\CodeIgniter.php(404): CodeIgniter\CodeIgniter->runController(Object(App\Controllers\gilangController))
#5 D:\xampp\htdocs\reqapp_\system\CodeIgniter.php(312): CodeIgniter\CodeIgniter->handleRequest(NULL, Object(Config\Cache), false)
#6 D:\xampp\htdocs\reqapp_\public\index.php(45): CodeIgniter\CodeIgniter->run()
#7 D:\xampp\htdocs\reqapp_\system\Commands\Server\rewrite.php(34): require_once('D:\\xampp\\htdocs...')
#8 {main}
CRITICAL - 2020-12-19 12:47:20 --> Undefined variable: kategori_kebutuhan
#0 D:\xampp\htdocs\reqapp_\app\Views\report\report.php(94): CodeIgniter\Debug\Exceptions->errorHandler(8, 'Undefined varia...', 'D:\\xampp\\htdocs...', 94, Array)
#1 D:\xampp\htdocs\reqapp_\system\View\View.php(246): include('D:\\xampp\\htdocs...')
#2 D:\xampp\htdocs\reqapp_\system\Common.php(1119): CodeIgniter\View\View->render('report/report', Array, true)
#3 D:\xampp\htdocs\reqapp_\app\Controllers\gilangController.php(11): view('report/report')
#4 D:\xampp\htdocs\reqapp_\system\CodeIgniter.php(918): App\Controllers\gilangController->index()
#5 D:\xampp\htdocs\reqapp_\system\CodeIgniter.php(404): CodeIgniter\CodeIgniter->runController(Object(App\Controllers\gilangController))
#6 D:\xampp\htdocs\reqapp_\system\CodeIgniter.php(312): CodeIgniter\CodeIgniter->handleRequest(NULL, Object(Config\Cache), false)
#7 D:\xampp\htdocs\reqapp_\public\index.php(45): CodeIgniter\CodeIgniter->run()
#8 D:\xampp\htdocs\reqapp_\system\Commands\Server\rewrite.php(34): require_once('D:\\xampp\\htdocs...')
#9 {main}
CRITICAL - 2020-12-19 13:13:22 --> CodeIgniter\Autoloader\Autoloader::main(): Failed opening required 'vendor/autoload.php' (include_path='D:\xampp\php\PEAR')
#0 [internal function]: CodeIgniter\Debug\Exceptions->shutdownHandler()
#1 {main}
CRITICAL - 2020-12-19 13:13:37 --> CodeIgniter\Autoloader\Autoloader::main(): Failed opening required '/vendor/autoload.php' (include_path='D:\xampp\php\PEAR')
#0 [internal function]: CodeIgniter\Debug\Exceptions->shutdownHandler()
#1 {main}
CRITICAL - 2020-12-19 23:30:50 --> Unable to connect to the database.
#0 D:\xampp\htdocs\reqapp_\system\Database\BaseConnection.php(646): CodeIgniter\Database\BaseConnection->initialize()
#1 D:\xampp\htdocs\reqapp_\system\Database\BaseBuilder.php(1860): CodeIgniter\Database\BaseConnection->query('SELECT *\nFROM `...', Array, false)
#2 D:\xampp\htdocs\reqapp_\system\Model.php(506): CodeIgniter\Database\BaseBuilder->get()
#3 D:\xampp\htdocs\reqapp_\app\Controllers\Auth.php(20): CodeIgniter\Model->first()
#4 D:\xampp\htdocs\reqapp_\system\CodeIgniter.php(918): App\Controllers\Auth->authCheck()
#5 D:\xampp\htdocs\reqapp_\system\CodeIgniter.php(404): CodeIgniter\CodeIgniter->runController(Object(App\Controllers\Auth))
#6 D:\xampp\htdocs\reqapp_\system\CodeIgniter.php(312): CodeIgniter\CodeIgniter->handleRequest(NULL, Object(Config\Cache), false)
#7 D:\xampp\htdocs\reqapp_\public\index.php(45): CodeIgniter\CodeIgniter->run()
#8 D:\xampp\htdocs\reqapp_\system\Commands\Server\rewrite.php(34): require_once('D:\\xampp\\htdocs...')
#9 {main}
