CRITICAL - 2020-12-14 00:04:33 --> Column 'kategori_kebutuhan_id' in where clause is ambiguous
#0 C:\xampp\htdocs\reqapp_\system\Database\MySQLi\Connection.php(331): mysqli->query('SELECT *\nFROM `...')
#1 C:\xampp\htdocs\reqapp_\system\Database\BaseConnection.php(741): CodeIgniter\Database\MySQLi\Connection->execute('SELECT *\nFROM `...')
#2 C:\xampp\htdocs\reqapp_\system\Database\BaseConnection.php(669): CodeIgniter\Database\BaseConnection->simpleQuery('SELECT *\nFROM `...')
#3 C:\xampp\htdocs\reqapp_\system\Database\BaseBuilder.php(2019): CodeIgniter\Database\BaseConnection->query('SELECT *\nFROM `...', Array, false)
#4 C:\xampp\htdocs\reqapp_\system\Model.php(1818): CodeIgniter\Database\BaseBuilder->getWhere(Array)
#5 C:\xampp\htdocs\reqapp_\app\Controllers\DaftarKebutuhan.php(58): CodeIgniter\Model->__call('getWhere', Array)
#6 C:\xampp\htdocs\reqapp_\system\CodeIgniter.php(918): App\Controllers\DaftarKebutuhan->getData()
#7 C:\xampp\htdocs\reqapp_\system\CodeIgniter.php(404): CodeIgniter\CodeIgniter->runController(Object(App\Controllers\DaftarKebutuhan))
#8 C:\xampp\htdocs\reqapp_\system\CodeIgniter.php(312): CodeIgniter\CodeIgniter->handleRequest(NULL, Object(Config\Cache), false)
#9 C:\xampp\htdocs\reqapp_\public\index.php(45): CodeIgniter\CodeIgniter->run()
#10 C:\xampp\htdocs\reqapp_\system\Commands\Server\rewrite.php(34): require_once('C:\\xampp\\htdocs...')
#11 {main}
CRITICAL - 2020-12-14 00:06:26 --> Column 'kategori_kebutuhan_id' in where clause is ambiguous
#0 C:\xampp\htdocs\reqapp_\system\Database\MySQLi\Connection.php(331): mysqli->query('SELECT `kebutuh...')
#1 C:\xampp\htdocs\reqapp_\system\Database\BaseConnection.php(741): CodeIgniter\Database\MySQLi\Connection->execute('SELECT `kebutuh...')
#2 C:\xampp\htdocs\reqapp_\system\Database\BaseConnection.php(669): CodeIgniter\Database\BaseConnection->simpleQuery('SELECT `kebutuh...')
#3 C:\xampp\htdocs\reqapp_\system\Database\BaseBuilder.php(2019): CodeIgniter\Database\BaseConnection->query('SELECT `kebutuh...', Array, false)
#4 C:\xampp\htdocs\reqapp_\system\Model.php(1818): CodeIgniter\Database\BaseBuilder->getWhere(Array)
#5 C:\xampp\htdocs\reqapp_\app\Controllers\DaftarKebutuhan.php(58): CodeIgniter\Model->__call('getWhere', Array)
#6 C:\xampp\htdocs\reqapp_\system\CodeIgniter.php(918): App\Controllers\DaftarKebutuhan->getData()
#7 C:\xampp\htdocs\reqapp_\system\CodeIgniter.php(404): CodeIgniter\CodeIgniter->runController(Object(App\Controllers\DaftarKebutuhan))
#8 C:\xampp\htdocs\reqapp_\system\CodeIgniter.php(312): CodeIgniter\CodeIgniter->handleRequest(NULL, Object(Config\Cache), false)
#9 C:\xampp\htdocs\reqapp_\public\index.php(45): CodeIgniter\CodeIgniter->run()
#10 C:\xampp\htdocs\reqapp_\system\Commands\Server\rewrite.php(34): require_once('C:\\xampp\\htdocs...')
#11 {main}
CRITICAL - 2020-12-14 00:15:28 --> Call to undefined method CodeIgniter\Database\MySQLi\Result::get()
#0 C:\xampp\htdocs\reqapp_\system\CodeIgniter.php(918): App\Controllers\DaftarKebutuhan->getData()
#1 C:\xampp\htdocs\reqapp_\system\CodeIgniter.php(404): CodeIgniter\CodeIgniter->runController(Object(App\Controllers\DaftarKebutuhan))
#2 C:\xampp\htdocs\reqapp_\system\CodeIgniter.php(312): CodeIgniter\CodeIgniter->handleRequest(NULL, Object(Config\Cache), false)
#3 C:\xampp\htdocs\reqapp_\public\index.php(45): CodeIgniter\CodeIgniter->run()
#4 C:\xampp\htdocs\reqapp_\system\Commands\Server\rewrite.php(34): require_once('C:\\xampp\\htdocs...')
#5 {main}
CRITICAL - 2020-12-14 00:15:32 --> Call to undefined method CodeIgniter\Database\MySQLi\Result::get()
#0 C:\xampp\htdocs\reqapp_\system\CodeIgniter.php(918): App\Controllers\DaftarKebutuhan->getData()
#1 C:\xampp\htdocs\reqapp_\system\CodeIgniter.php(404): CodeIgniter\CodeIgniter->runController(Object(App\Controllers\DaftarKebutuhan))
#2 C:\xampp\htdocs\reqapp_\system\CodeIgniter.php(312): CodeIgniter\CodeIgniter->handleRequest(NULL, Object(Config\Cache), false)
#3 C:\xampp\htdocs\reqapp_\public\index.php(45): CodeIgniter\CodeIgniter->run()
#4 C:\xampp\htdocs\reqapp_\system\Commands\Server\rewrite.php(34): require_once('C:\\xampp\\htdocs...')
#5 {main}
CRITICAL - 2020-12-14 00:15:33 --> Call to undefined method CodeIgniter\Database\MySQLi\Result::get()
#0 C:\xampp\htdocs\reqapp_\system\CodeIgniter.php(918): App\Controllers\DaftarKebutuhan->getData()
#1 C:\xampp\htdocs\reqapp_\system\CodeIgniter.php(404): CodeIgniter\CodeIgniter->runController(Object(App\Controllers\DaftarKebutuhan))
#2 C:\xampp\htdocs\reqapp_\system\CodeIgniter.php(312): CodeIgniter\CodeIgniter->handleRequest(NULL, Object(Config\Cache), false)
#3 C:\xampp\htdocs\reqapp_\public\index.php(45): CodeIgniter\CodeIgniter->run()
#4 C:\xampp\htdocs\reqapp_\system\Commands\Server\rewrite.php(34): require_once('C:\\xampp\\htdocs...')
#5 {main}
CRITICAL - 2020-12-14 00:15:57 --> Call to undefined method CodeIgniter\Database\MySQLi\Result::findAll()
#0 C:\xampp\htdocs\reqapp_\system\CodeIgniter.php(918): App\Controllers\DaftarKebutuhan->getData()
#1 C:\xampp\htdocs\reqapp_\system\CodeIgniter.php(404): CodeIgniter\CodeIgniter->runController(Object(App\Controllers\DaftarKebutuhan))
#2 C:\xampp\htdocs\reqapp_\system\CodeIgniter.php(312): CodeIgniter\CodeIgniter->handleRequest(NULL, Object(Config\Cache), false)
#3 C:\xampp\htdocs\reqapp_\public\index.php(45): CodeIgniter\CodeIgniter->run()
#4 C:\xampp\htdocs\reqapp_\system\Commands\Server\rewrite.php(34): require_once('C:\\xampp\\htdocs...')
#5 {main}
CRITICAL - 2020-12-14 00:19:54 --> Call to undefined method CodeIgniter\Database\MySQLi\Result::getArray()
#0 C:\xampp\htdocs\reqapp_\system\CodeIgniter.php(918): App\Controllers\DaftarKebutuhan->getData()
#1 C:\xampp\htdocs\reqapp_\system\CodeIgniter.php(404): CodeIgniter\CodeIgniter->runController(Object(App\Controllers\DaftarKebutuhan))
#2 C:\xampp\htdocs\reqapp_\system\CodeIgniter.php(312): CodeIgniter\CodeIgniter->handleRequest(NULL, Object(Config\Cache), false)
#3 C:\xampp\htdocs\reqapp_\public\index.php(45): CodeIgniter\CodeIgniter->run()
#4 C:\xampp\htdocs\reqapp_\system\Commands\Server\rewrite.php(34): require_once('C:\\xampp\\htdocs...')
#5 {main}
CRITICAL - 2020-12-14 00:46:38 --> Undefined index: id
#0 C:\xampp\htdocs\reqapp_\app\Controllers\DaftarKebutuhan.php(73): CodeIgniter\Debug\Exceptions->errorHandler(8, 'Undefined index...', 'C:\\xampp\\htdocs...', 73, Array)
#1 C:\xampp\htdocs\reqapp_\system\CodeIgniter.php(918): App\Controllers\DaftarKebutuhan->getByID()
#2 C:\xampp\htdocs\reqapp_\system\CodeIgniter.php(404): CodeIgniter\CodeIgniter->runController(Object(App\Controllers\DaftarKebutuhan))
#3 C:\xampp\htdocs\reqapp_\system\CodeIgniter.php(312): CodeIgniter\CodeIgniter->handleRequest(NULL, Object(Config\Cache), false)
#4 C:\xampp\htdocs\reqapp_\public\index.php(45): CodeIgniter\CodeIgniter->run()
#5 C:\xampp\htdocs\reqapp_\system\Commands\Server\rewrite.php(34): require_once('C:\\xampp\\htdocs...')
#6 {main}
CRITICAL - 2020-12-14 00:46:40 --> Undefined index: id
#0 C:\xampp\htdocs\reqapp_\app\Controllers\DaftarKebutuhan.php(73): CodeIgniter\Debug\Exceptions->errorHandler(8, 'Undefined index...', 'C:\\xampp\\htdocs...', 73, Array)
#1 C:\xampp\htdocs\reqapp_\system\CodeIgniter.php(918): App\Controllers\DaftarKebutuhan->getByID()
#2 C:\xampp\htdocs\reqapp_\system\CodeIgniter.php(404): CodeIgniter\CodeIgniter->runController(Object(App\Controllers\DaftarKebutuhan))
#3 C:\xampp\htdocs\reqapp_\system\CodeIgniter.php(312): CodeIgniter\CodeIgniter->handleRequest(NULL, Object(Config\Cache), false)
#4 C:\xampp\htdocs\reqapp_\public\index.php(45): CodeIgniter\CodeIgniter->run()
#5 C:\xampp\htdocs\reqapp_\system\Commands\Server\rewrite.php(34): require_once('C:\\xampp\\htdocs...')
#6 {main}
CRITICAL - 2020-12-14 00:46:41 --> Undefined index: id
#0 C:\xampp\htdocs\reqapp_\app\Controllers\DaftarKebutuhan.php(73): CodeIgniter\Debug\Exceptions->errorHandler(8, 'Undefined index...', 'C:\\xampp\\htdocs...', 73, Array)
#1 C:\xampp\htdocs\reqapp_\system\CodeIgniter.php(918): App\Controllers\DaftarKebutuhan->getByID()
#2 C:\xampp\htdocs\reqapp_\system\CodeIgniter.php(404): CodeIgniter\CodeIgniter->runController(Object(App\Controllers\DaftarKebutuhan))
#3 C:\xampp\htdocs\reqapp_\system\CodeIgniter.php(312): CodeIgniter\CodeIgniter->handleRequest(NULL, Object(Config\Cache), false)
#4 C:\xampp\htdocs\reqapp_\public\index.php(45): CodeIgniter\CodeIgniter->run()
#5 C:\xampp\htdocs\reqapp_\system\Commands\Server\rewrite.php(34): require_once('C:\\xampp\\htdocs...')
#6 {main}
CRITICAL - 2020-12-14 00:48:09 --> Undefined index: id
#0 C:\xampp\htdocs\reqapp_\app\Controllers\DaftarKebutuhan.php(73): CodeIgniter\Debug\Exceptions->errorHandler(8, 'Undefined index...', 'C:\\xampp\\htdocs...', 73, Array)
#1 C:\xampp\htdocs\reqapp_\system\CodeIgniter.php(918): App\Controllers\DaftarKebutuhan->getByID()
#2 C:\xampp\htdocs\reqapp_\system\CodeIgniter.php(404): CodeIgniter\CodeIgniter->runController(Object(App\Controllers\DaftarKebutuhan))
#3 C:\xampp\htdocs\reqapp_\system\CodeIgniter.php(312): CodeIgniter\CodeIgniter->handleRequest(NULL, Object(Config\Cache), false)
#4 C:\xampp\htdocs\reqapp_\public\index.php(45): CodeIgniter\CodeIgniter->run()
#5 C:\xampp\htdocs\reqapp_\system\Commands\Server\rewrite.php(34): require_once('C:\\xampp\\htdocs...')
#6 {main}
