CRITICAL - 2020-12-20 00:32:25 --> syntax error, unexpected '$kodekebutuhan' (T_VARIABLE)
#0 D:\xampp\htdocs\reqapp_\system\Autoloader\Autoloader.php(296): CodeIgniter\Autoloader\Autoloader->requireFile('D:\\xampp\\htdocs...')
#1 D:\xampp\htdocs\reqapp_\system\Autoloader\Autoloader.php(258): CodeIgniter\Autoloader\Autoloader->loadInNamespace('App\\Controllers...')
#2 [internal function]: CodeIgniter\Autoloader\Autoloader->loadClass('App\\Controllers...')
#3 [internal function]: spl_autoload_call('App\\Controllers...')
#4 D:\xampp\htdocs\reqapp_\system\CodeIgniter.php(869): class_exists('\\App\\Controller...', true)
#5 D:\xampp\htdocs\reqapp_\system\CodeIgniter.php(394): CodeIgniter\CodeIgniter->startController()
#6 D:\xampp\htdocs\reqapp_\system\CodeIgniter.php(312): CodeIgniter\CodeIgniter->handleRequest(NULL, Object(Config\Cache), false)
#7 D:\xampp\htdocs\reqapp_\public\index.php(45): CodeIgniter\CodeIgniter->run()
#8 D:\xampp\htdocs\reqapp_\system\Commands\Server\rewrite.php(34): require_once('D:\\xampp\\htdocs...')
#9 {main}
CRITICAL - 2020-12-20 00:33:08 --> syntax error, unexpected '$data' (T_VARIABLE)
#0 D:\xampp\htdocs\reqapp_\system\Autoloader\Autoloader.php(296): CodeIgniter\Autoloader\Autoloader->requireFile('D:\\xampp\\htdocs...')
#1 D:\xampp\htdocs\reqapp_\system\Autoloader\Autoloader.php(258): CodeIgniter\Autoloader\Autoloader->loadInNamespace('App\\Controllers...')
#2 [internal function]: CodeIgniter\Autoloader\Autoloader->loadClass('App\\Controllers...')
#3 [internal function]: spl_autoload_call('App\\Controllers...')
#4 D:\xampp\htdocs\reqapp_\system\CodeIgniter.php(869): class_exists('\\App\\Controller...', true)
#5 D:\xampp\htdocs\reqapp_\system\CodeIgniter.php(394): CodeIgniter\CodeIgniter->startController()
#6 D:\xampp\htdocs\reqapp_\system\CodeIgniter.php(312): CodeIgniter\CodeIgniter->handleRequest(NULL, Object(Config\Cache), false)
#7 D:\xampp\htdocs\reqapp_\public\index.php(45): CodeIgniter\CodeIgniter->run()
#8 D:\xampp\htdocs\reqapp_\system\Commands\Server\rewrite.php(34): require_once('D:\\xampp\\htdocs...')
#9 {main}
CRITICAL - 2020-12-20 00:33:18 --> Undefined variable: kebutuhan
#0 D:\xampp\htdocs\reqapp_\app\Views\pages\daftar-kebutuhan.php(151): CodeIgniter\Debug\Exceptions->errorHandler(8, 'Undefined varia...', 'D:\\xampp\\htdocs...', 151, Array)
#1 D:\xampp\htdocs\reqapp_\system\View\View.php(246): include('D:\\xampp\\htdocs...')
#2 D:\xampp\htdocs\reqapp_\system\Common.php(1119): CodeIgniter\View\View->render('pages/daftar-ke...', Array, true)
#3 D:\xampp\htdocs\reqapp_\app\Controllers\DaftarKebutuhan.php(14): view('pages/daftar-ke...', Array)
#4 D:\xampp\htdocs\reqapp_\system\CodeIgniter.php(918): App\Controllers\DaftarKebutuhan->index()
#5 D:\xampp\htdocs\reqapp_\system\CodeIgniter.php(404): CodeIgniter\CodeIgniter->runController(Object(App\Controllers\DaftarKebutuhan))
#6 D:\xampp\htdocs\reqapp_\system\CodeIgniter.php(312): CodeIgniter\CodeIgniter->handleRequest(NULL, Object(Config\Cache), false)
#7 D:\xampp\htdocs\reqapp_\public\index.php(45): CodeIgniter\CodeIgniter->run()
#8 D:\xampp\htdocs\reqapp_\system\Commands\Server\rewrite.php(34): require_once('D:\\xampp\\htdocs...')
#9 {main}
CRITICAL - 2020-12-20 00:34:05 --> Undefined index: kode_kebutuhan
#0 D:\xampp\htdocs\reqapp_\app\Views\pages\daftar-kebutuhan.php(152): CodeIgniter\Debug\Exceptions->errorHandler(8, 'Undefined index...', 'D:\\xampp\\htdocs...', 152, Array)
#1 D:\xampp\htdocs\reqapp_\system\View\View.php(246): include('D:\\xampp\\htdocs...')
#2 D:\xampp\htdocs\reqapp_\system\Common.php(1119): CodeIgniter\View\View->render('pages/daftar-ke...', Array, true)
#3 D:\xampp\htdocs\reqapp_\app\Controllers\DaftarKebutuhan.php(18): view('pages/daftar-ke...', Array)
#4 D:\xampp\htdocs\reqapp_\system\CodeIgniter.php(918): App\Controllers\DaftarKebutuhan->index()
#5 D:\xampp\htdocs\reqapp_\system\CodeIgniter.php(404): CodeIgniter\CodeIgniter->runController(Object(App\Controllers\DaftarKebutuhan))
#6 D:\xampp\htdocs\reqapp_\system\CodeIgniter.php(312): CodeIgniter\CodeIgniter->handleRequest(NULL, Object(Config\Cache), false)
#7 D:\xampp\htdocs\reqapp_\public\index.php(45): CodeIgniter\CodeIgniter->run()
#8 D:\xampp\htdocs\reqapp_\system\Commands\Server\rewrite.php(34): require_once('D:\\xampp\\htdocs...')
#9 {main}
CRITICAL - 2020-12-20 00:34:50 --> Undefined index: kode_kebutuhan
#0 D:\xampp\htdocs\reqapp_\app\Views\pages\daftar-kebutuhan.php(152): CodeIgniter\Debug\Exceptions->errorHandler(8, 'Undefined index...', 'D:\\xampp\\htdocs...', 152, Array)
#1 D:\xampp\htdocs\reqapp_\system\View\View.php(246): include('D:\\xampp\\htdocs...')
#2 D:\xampp\htdocs\reqapp_\system\Common.php(1119): CodeIgniter\View\View->render('pages/daftar-ke...', Array, true)
#3 D:\xampp\htdocs\reqapp_\app\Controllers\DaftarKebutuhan.php(18): view('pages/daftar-ke...', Array)
#4 D:\xampp\htdocs\reqapp_\system\CodeIgniter.php(918): App\Controllers\DaftarKebutuhan->index()
#5 D:\xampp\htdocs\reqapp_\system\CodeIgniter.php(404): CodeIgniter\CodeIgniter->runController(Object(App\Controllers\DaftarKebutuhan))
#6 D:\xampp\htdocs\reqapp_\system\CodeIgniter.php(312): CodeIgniter\CodeIgniter->handleRequest(NULL, Object(Config\Cache), false)
#7 D:\xampp\htdocs\reqapp_\public\index.php(45): CodeIgniter\CodeIgniter->run()
#8 D:\xampp\htdocs\reqapp_\system\Commands\Server\rewrite.php(34): require_once('D:\\xampp\\htdocs...')
#9 {main}
CRITICAL - 2020-12-20 00:35:02 --> Undefined index: kode_kebutuhan
#0 D:\xampp\htdocs\reqapp_\app\Views\pages\daftar-kebutuhan.php(152): CodeIgniter\Debug\Exceptions->errorHandler(8, 'Undefined index...', 'D:\\xampp\\htdocs...', 152, Array)
#1 D:\xampp\htdocs\reqapp_\system\View\View.php(246): include('D:\\xampp\\htdocs...')
#2 D:\xampp\htdocs\reqapp_\system\Common.php(1119): CodeIgniter\View\View->render('pages/daftar-ke...', Array, true)
#3 D:\xampp\htdocs\reqapp_\app\Controllers\DaftarKebutuhan.php(18): view('pages/daftar-ke...', Array)
#4 D:\xampp\htdocs\reqapp_\system\CodeIgniter.php(918): App\Controllers\DaftarKebutuhan->index()
#5 D:\xampp\htdocs\reqapp_\system\CodeIgniter.php(404): CodeIgniter\CodeIgniter->runController(Object(App\Controllers\DaftarKebutuhan))
#6 D:\xampp\htdocs\reqapp_\system\CodeIgniter.php(312): CodeIgniter\CodeIgniter->handleRequest(NULL, Object(Config\Cache), false)
#7 D:\xampp\htdocs\reqapp_\public\index.php(45): CodeIgniter\CodeIgniter->run()
#8 D:\xampp\htdocs\reqapp_\system\Commands\Server\rewrite.php(34): require_once('D:\\xampp\\htdocs...')
#9 {main}
CRITICAL - 2020-12-20 00:35:39 --> Undefined index: kode_kebutuhan
#0 D:\xampp\htdocs\reqapp_\app\Views\pages\daftar-kebutuhan.php(165): CodeIgniter\Debug\Exceptions->errorHandler(8, 'Undefined index...', 'D:\\xampp\\htdocs...', 165, Array)
#1 D:\xampp\htdocs\reqapp_\system\View\View.php(246): include('D:\\xampp\\htdocs...')
#2 D:\xampp\htdocs\reqapp_\system\Common.php(1119): CodeIgniter\View\View->render('pages/daftar-ke...', Array, true)
#3 D:\xampp\htdocs\reqapp_\app\Controllers\DaftarKebutuhan.php(18): view('pages/daftar-ke...', Array)
#4 D:\xampp\htdocs\reqapp_\system\CodeIgniter.php(918): App\Controllers\DaftarKebutuhan->index()
#5 D:\xampp\htdocs\reqapp_\system\CodeIgniter.php(404): CodeIgniter\CodeIgniter->runController(Object(App\Controllers\DaftarKebutuhan))
#6 D:\xampp\htdocs\reqapp_\system\CodeIgniter.php(312): CodeIgniter\CodeIgniter->handleRequest(NULL, Object(Config\Cache), false)
#7 D:\xampp\htdocs\reqapp_\public\index.php(45): CodeIgniter\CodeIgniter->run()
#8 D:\xampp\htdocs\reqapp_\system\Commands\Server\rewrite.php(34): require_once('D:\\xampp\\htdocs...')
#9 {main}
CRITICAL - 2020-12-20 00:41:03 --> Use of undefined constant myArray - assumed 'myArray' (this will throw an Error in a future version of PHP)
#0 D:\xampp\htdocs\reqapp_\app\Controllers\DaftarKebutuhan.php(104): CodeIgniter\Debug\Exceptions->errorHandler(2, 'Use of undefine...', 'D:\\xampp\\htdocs...', 104, Array)
#1 D:\xampp\htdocs\reqapp_\system\CodeIgniter.php(918): App\Controllers\DaftarKebutuhan->insert()
#2 D:\xampp\htdocs\reqapp_\system\CodeIgniter.php(404): CodeIgniter\CodeIgniter->runController(Object(App\Controllers\DaftarKebutuhan))
#3 D:\xampp\htdocs\reqapp_\system\CodeIgniter.php(312): CodeIgniter\CodeIgniter->handleRequest(NULL, Object(Config\Cache), false)
#4 D:\xampp\htdocs\reqapp_\public\index.php(45): CodeIgniter\CodeIgniter->run()
#5 D:\xampp\htdocs\reqapp_\system\Commands\Server\rewrite.php(34): require_once('D:\\xampp\\htdocs...')
#6 {main}
CRITICAL - 2020-12-20 00:42:52 --> Use of undefined constant arraySplit - assumed 'arraySplit' (this will throw an Error in a future version of PHP)
#0 D:\xampp\htdocs\reqapp_\app\Controllers\DaftarKebutuhan.php(104): CodeIgniter\Debug\Exceptions->errorHandler(2, 'Use of undefine...', 'D:\\xampp\\htdocs...', 104, Array)
#1 D:\xampp\htdocs\reqapp_\system\CodeIgniter.php(918): App\Controllers\DaftarKebutuhan->insert()
#2 D:\xampp\htdocs\reqapp_\system\CodeIgniter.php(404): CodeIgniter\CodeIgniter->runController(Object(App\Controllers\DaftarKebutuhan))
#3 D:\xampp\htdocs\reqapp_\system\CodeIgniter.php(312): CodeIgniter\CodeIgniter->handleRequest(NULL, Object(Config\Cache), false)
#4 D:\xampp\htdocs\reqapp_\public\index.php(45): CodeIgniter\CodeIgniter->run()
#5 D:\xampp\htdocs\reqapp_\system\Commands\Server\rewrite.php(34): require_once('D:\\xampp\\htdocs...')
#6 {main}
CRITICAL - 2020-12-20 00:43:43 --> Cannot add or update a child row: a foreign key constraint fails (`reqapp_db`.`kebutuhan_history`, CONSTRAINT `kebutuhan_history_ibfk_2` FOREIGN KEY (`kode_kebutuhan`) REFERENCES `kebutuhan` (`kode_kebutuhan`) ON DELETE CASCADE ON UPDATE NO ACTION)
#0 D:\xampp\htdocs\reqapp_\system\Database\MySQLi\Connection.php(331): mysqli->query('INSERT INTO `ke...')
#1 D:\xampp\htdocs\reqapp_\system\Database\BaseConnection.php(741): CodeIgniter\Database\MySQLi\Connection->execute('INSERT INTO `ke...')
#2 D:\xampp\htdocs\reqapp_\system\Database\BaseConnection.php(669): CodeIgniter\Database\BaseConnection->simpleQuery('INSERT INTO `ke...')
#3 D:\xampp\htdocs\reqapp_\system\Database\BaseBuilder.php(2249): CodeIgniter\Database\BaseConnection->query('INSERT INTO `ke...', Array, false)
#4 D:\xampp\htdocs\reqapp_\system\Model.php(755): CodeIgniter\Database\BaseBuilder->insert()
#5 D:\xampp\htdocs\reqapp_\app\Controllers\DaftarKebutuhan.php(174): CodeIgniter\Model->insert(Array)
#6 D:\xampp\htdocs\reqapp_\system\CodeIgniter.php(918): App\Controllers\DaftarKebutuhan->insert()
#7 D:\xampp\htdocs\reqapp_\system\CodeIgniter.php(404): CodeIgniter\CodeIgniter->runController(Object(App\Controllers\DaftarKebutuhan))
#8 D:\xampp\htdocs\reqapp_\system\CodeIgniter.php(312): CodeIgniter\CodeIgniter->handleRequest(NULL, Object(Config\Cache), false)
#9 D:\xampp\htdocs\reqapp_\public\index.php(45): CodeIgniter\CodeIgniter->run()
#10 D:\xampp\htdocs\reqapp_\system\Commands\Server\rewrite.php(34): require_once('D:\\xampp\\htdocs...')
#11 {main}
CRITICAL - 2020-12-20 00:47:48 --> syntax error, unexpected 'if' (T_IF)
#0 D:\xampp\htdocs\reqapp_\system\Autoloader\Autoloader.php(296): CodeIgniter\Autoloader\Autoloader->requireFile('D:\\xampp\\htdocs...')
#1 D:\xampp\htdocs\reqapp_\system\Autoloader\Autoloader.php(258): CodeIgniter\Autoloader\Autoloader->loadInNamespace('App\\Controllers...')
#2 [internal function]: CodeIgniter\Autoloader\Autoloader->loadClass('App\\Controllers...')
#3 [internal function]: spl_autoload_call('App\\Controllers...')
#4 D:\xampp\htdocs\reqapp_\system\CodeIgniter.php(869): class_exists('\\App\\Controller...', true)
#5 D:\xampp\htdocs\reqapp_\system\CodeIgniter.php(394): CodeIgniter\CodeIgniter->startController()
#6 D:\xampp\htdocs\reqapp_\system\CodeIgniter.php(312): CodeIgniter\CodeIgniter->handleRequest(NULL, Object(Config\Cache), false)
#7 D:\xampp\htdocs\reqapp_\public\index.php(45): CodeIgniter\CodeIgniter->run()
#8 D:\xampp\htdocs\reqapp_\system\Commands\Server\rewrite.php(34): require_once('D:\\xampp\\htdocs...')
#9 {main}
CRITICAL - 2020-12-20 00:47:57 --> Cannot add or update a child row: a foreign key constraint fails (`reqapp_db`.`kebutuhan_history`, CONSTRAINT `kebutuhan_history_ibfk_2` FOREIGN KEY (`kode_kebutuhan`) REFERENCES `kebutuhan` (`kode_kebutuhan`) ON DELETE CASCADE ON UPDATE NO ACTION)
#0 D:\xampp\htdocs\reqapp_\system\Database\MySQLi\Connection.php(331): mysqli->query('INSERT INTO `ke...')
#1 D:\xampp\htdocs\reqapp_\system\Database\BaseConnection.php(741): CodeIgniter\Database\MySQLi\Connection->execute('INSERT INTO `ke...')
#2 D:\xampp\htdocs\reqapp_\system\Database\BaseConnection.php(669): CodeIgniter\Database\BaseConnection->simpleQuery('INSERT INTO `ke...')
#3 D:\xampp\htdocs\reqapp_\system\Database\BaseBuilder.php(2249): CodeIgniter\Database\BaseConnection->query('INSERT INTO `ke...', Array, false)
#4 D:\xampp\htdocs\reqapp_\system\Model.php(755): CodeIgniter\Database\BaseBuilder->insert()
#5 D:\xampp\htdocs\reqapp_\app\Controllers\DaftarKebutuhan.php(177): CodeIgniter\Model->insert(Array)
#6 D:\xampp\htdocs\reqapp_\system\CodeIgniter.php(918): App\Controllers\DaftarKebutuhan->insert()
#7 D:\xampp\htdocs\reqapp_\system\CodeIgniter.php(404): CodeIgniter\CodeIgniter->runController(Object(App\Controllers\DaftarKebutuhan))
#8 D:\xampp\htdocs\reqapp_\system\CodeIgniter.php(312): CodeIgniter\CodeIgniter->handleRequest(NULL, Object(Config\Cache), false)
#9 D:\xampp\htdocs\reqapp_\public\index.php(45): CodeIgniter\CodeIgniter->run()
#10 D:\xampp\htdocs\reqapp_\system\Commands\Server\rewrite.php(34): require_once('D:\\xampp\\htdocs...')
#11 {main}
CRITICAL - 2020-12-20 00:49:55 --> Cannot add or update a child row: a foreign key constraint fails (`reqapp_db`.`kebutuhan_history`, CONSTRAINT `kebutuhan_history_ibfk_2` FOREIGN KEY (`kode_kebutuhan`) REFERENCES `kebutuhan` (`kode_kebutuhan`) ON DELETE CASCADE ON UPDATE NO ACTION)
#0 D:\xampp\htdocs\reqapp_\system\Database\MySQLi\Connection.php(331): mysqli->query('INSERT INTO `ke...')
#1 D:\xampp\htdocs\reqapp_\system\Database\BaseConnection.php(741): CodeIgniter\Database\MySQLi\Connection->execute('INSERT INTO `ke...')
#2 D:\xampp\htdocs\reqapp_\system\Database\BaseConnection.php(669): CodeIgniter\Database\BaseConnection->simpleQuery('INSERT INTO `ke...')
#3 D:\xampp\htdocs\reqapp_\system\Database\BaseBuilder.php(2249): CodeIgniter\Database\BaseConnection->query('INSERT INTO `ke...', Array, false)
#4 D:\xampp\htdocs\reqapp_\system\Model.php(755): CodeIgniter\Database\BaseBuilder->insert()
#5 D:\xampp\htdocs\reqapp_\app\Controllers\DaftarKebutuhan.php(177): CodeIgniter\Model->insert(Array)
#6 D:\xampp\htdocs\reqapp_\system\CodeIgniter.php(918): App\Controllers\DaftarKebutuhan->insert()
#7 D:\xampp\htdocs\reqapp_\system\CodeIgniter.php(404): CodeIgniter\CodeIgniter->runController(Object(App\Controllers\DaftarKebutuhan))
#8 D:\xampp\htdocs\reqapp_\system\CodeIgniter.php(312): CodeIgniter\CodeIgniter->handleRequest(NULL, Object(Config\Cache), false)
#9 D:\xampp\htdocs\reqapp_\public\index.php(45): CodeIgniter\CodeIgniter->run()
#10 D:\xampp\htdocs\reqapp_\system\Commands\Server\rewrite.php(34): require_once('D:\\xampp\\htdocs...')
#11 {main}
CRITICAL - 2020-12-20 00:50:13 --> Cannot add or update a child row: a foreign key constraint fails (`reqapp_db`.`kebutuhan_history`, CONSTRAINT `kebutuhan_history_ibfk_2` FOREIGN KEY (`kode_kebutuhan`) REFERENCES `kebutuhan` (`kode_kebutuhan`) ON DELETE CASCADE ON UPDATE NO ACTION)
#0 D:\xampp\htdocs\reqapp_\system\Database\MySQLi\Connection.php(331): mysqli->query('INSERT INTO `ke...')
#1 D:\xampp\htdocs\reqapp_\system\Database\BaseConnection.php(741): CodeIgniter\Database\MySQLi\Connection->execute('INSERT INTO `ke...')
#2 D:\xampp\htdocs\reqapp_\system\Database\BaseConnection.php(669): CodeIgniter\Database\BaseConnection->simpleQuery('INSERT INTO `ke...')
#3 D:\xampp\htdocs\reqapp_\system\Database\BaseBuilder.php(2249): CodeIgniter\Database\BaseConnection->query('INSERT INTO `ke...', Array, false)
#4 D:\xampp\htdocs\reqapp_\system\Model.php(755): CodeIgniter\Database\BaseBuilder->insert()
#5 D:\xampp\htdocs\reqapp_\app\Controllers\DaftarKebutuhan.php(178): CodeIgniter\Model->insert(Array)
#6 D:\xampp\htdocs\reqapp_\system\CodeIgniter.php(918): App\Controllers\DaftarKebutuhan->insert()
#7 D:\xampp\htdocs\reqapp_\system\CodeIgniter.php(404): CodeIgniter\CodeIgniter->runController(Object(App\Controllers\DaftarKebutuhan))
#8 D:\xampp\htdocs\reqapp_\system\CodeIgniter.php(312): CodeIgniter\CodeIgniter->handleRequest(NULL, Object(Config\Cache), false)
#9 D:\xampp\htdocs\reqapp_\public\index.php(45): CodeIgniter\CodeIgniter->run()
#10 D:\xampp\htdocs\reqapp_\system\Commands\Server\rewrite.php(34): require_once('D:\\xampp\\htdocs...')
#11 {main}
CRITICAL - 2020-12-20 00:53:49 --> Cannot add or update a child row: a foreign key constraint fails (`reqapp_db`.`kebutuhan_history`, CONSTRAINT `kebutuhan_history_ibfk_2` FOREIGN KEY (`kode_kebutuhan`) REFERENCES `kebutuhan` (`kode_kebutuhan`) ON DELETE CASCADE ON UPDATE NO ACTION)
#0 D:\xampp\htdocs\reqapp_\system\Database\MySQLi\Connection.php(331): mysqli->query('INSERT INTO `ke...')
#1 D:\xampp\htdocs\reqapp_\system\Database\BaseConnection.php(741): CodeIgniter\Database\MySQLi\Connection->execute('INSERT INTO `ke...')
#2 D:\xampp\htdocs\reqapp_\system\Database\BaseConnection.php(669): CodeIgniter\Database\BaseConnection->simpleQuery('INSERT INTO `ke...')
#3 D:\xampp\htdocs\reqapp_\system\Database\BaseBuilder.php(2249): CodeIgniter\Database\BaseConnection->query('INSERT INTO `ke...', Array, false)
#4 D:\xampp\htdocs\reqapp_\system\Model.php(755): CodeIgniter\Database\BaseBuilder->insert()
#5 D:\xampp\htdocs\reqapp_\app\Controllers\DaftarKebutuhan.php(174): CodeIgniter\Model->insert(Array)
#6 D:\xampp\htdocs\reqapp_\system\CodeIgniter.php(918): App\Controllers\DaftarKebutuhan->insert()
#7 D:\xampp\htdocs\reqapp_\system\CodeIgniter.php(404): CodeIgniter\CodeIgniter->runController(Object(App\Controllers\DaftarKebutuhan))
#8 D:\xampp\htdocs\reqapp_\system\CodeIgniter.php(312): CodeIgniter\CodeIgniter->handleRequest(NULL, Object(Config\Cache), false)
#9 D:\xampp\htdocs\reqapp_\public\index.php(45): CodeIgniter\CodeIgniter->run()
#10 D:\xampp\htdocs\reqapp_\system\Commands\Server\rewrite.php(34): require_once('D:\\xampp\\htdocs...')
#11 {main}
CRITICAL - 2020-12-20 00:54:11 --> Cannot add or update a child row: a foreign key constraint fails (`reqapp_db`.`kebutuhan_history`, CONSTRAINT `kebutuhan_history_ibfk_2` FOREIGN KEY (`kode_kebutuhan`) REFERENCES `kebutuhan` (`kode_kebutuhan`) ON DELETE CASCADE ON UPDATE NO ACTION)
#0 D:\xampp\htdocs\reqapp_\system\Database\MySQLi\Connection.php(331): mysqli->query('INSERT INTO `ke...')
#1 D:\xampp\htdocs\reqapp_\system\Database\BaseConnection.php(741): CodeIgniter\Database\MySQLi\Connection->execute('INSERT INTO `ke...')
#2 D:\xampp\htdocs\reqapp_\system\Database\BaseConnection.php(669): CodeIgniter\Database\BaseConnection->simpleQuery('INSERT INTO `ke...')
#3 D:\xampp\htdocs\reqapp_\system\Database\BaseBuilder.php(2249): CodeIgniter\Database\BaseConnection->query('INSERT INTO `ke...', Array, false)
#4 D:\xampp\htdocs\reqapp_\system\Model.php(755): CodeIgniter\Database\BaseBuilder->insert()
#5 D:\xampp\htdocs\reqapp_\app\Controllers\DaftarKebutuhan.php(174): CodeIgniter\Model->insert(Array)
#6 D:\xampp\htdocs\reqapp_\system\CodeIgniter.php(918): App\Controllers\DaftarKebutuhan->insert()
#7 D:\xampp\htdocs\reqapp_\system\CodeIgniter.php(404): CodeIgniter\CodeIgniter->runController(Object(App\Controllers\DaftarKebutuhan))
#8 D:\xampp\htdocs\reqapp_\system\CodeIgniter.php(312): CodeIgniter\CodeIgniter->handleRequest(NULL, Object(Config\Cache), false)
#9 D:\xampp\htdocs\reqapp_\public\index.php(45): CodeIgniter\CodeIgniter->run()
#10 D:\xampp\htdocs\reqapp_\system\Commands\Server\rewrite.php(34): require_once('D:\\xampp\\htdocs...')
#11 {main}
CRITICAL - 2020-12-20 00:54:19 --> Cannot add or update a child row: a foreign key constraint fails (`reqapp_db`.`kebutuhan_history`, CONSTRAINT `kebutuhan_history_ibfk_2` FOREIGN KEY (`kode_kebutuhan`) REFERENCES `kebutuhan` (`kode_kebutuhan`) ON DELETE CASCADE ON UPDATE NO ACTION)
#0 D:\xampp\htdocs\reqapp_\system\Database\MySQLi\Connection.php(331): mysqli->query('INSERT INTO `ke...')
#1 D:\xampp\htdocs\reqapp_\system\Database\BaseConnection.php(741): CodeIgniter\Database\MySQLi\Connection->execute('INSERT INTO `ke...')
#2 D:\xampp\htdocs\reqapp_\system\Database\BaseConnection.php(669): CodeIgniter\Database\BaseConnection->simpleQuery('INSERT INTO `ke...')
#3 D:\xampp\htdocs\reqapp_\system\Database\BaseBuilder.php(2249): CodeIgniter\Database\BaseConnection->query('INSERT INTO `ke...', Array, false)
#4 D:\xampp\htdocs\reqapp_\system\Model.php(755): CodeIgniter\Database\BaseBuilder->insert()
#5 D:\xampp\htdocs\reqapp_\app\Controllers\DaftarKebutuhan.php(174): CodeIgniter\Model->insert(Array)
#6 D:\xampp\htdocs\reqapp_\system\CodeIgniter.php(918): App\Controllers\DaftarKebutuhan->insert()
#7 D:\xampp\htdocs\reqapp_\system\CodeIgniter.php(404): CodeIgniter\CodeIgniter->runController(Object(App\Controllers\DaftarKebutuhan))
#8 D:\xampp\htdocs\reqapp_\system\CodeIgniter.php(312): CodeIgniter\CodeIgniter->handleRequest(NULL, Object(Config\Cache), false)
#9 D:\xampp\htdocs\reqapp_\public\index.php(45): CodeIgniter\CodeIgniter->run()
#10 D:\xampp\htdocs\reqapp_\system\Commands\Server\rewrite.php(34): require_once('D:\\xampp\\htdocs...')
#11 {main}
CRITICAL - 2020-12-20 00:56:03 --> Cannot add or update a child row: a foreign key constraint fails (`reqapp_db`.`kebutuhan_history`, CONSTRAINT `kebutuhan_history_ibfk_2` FOREIGN KEY (`kode_kebutuhan`) REFERENCES `kebutuhan` (`kode_kebutuhan`) ON DELETE CASCADE ON UPDATE NO ACTION)
#0 D:\xampp\htdocs\reqapp_\system\Database\MySQLi\Connection.php(331): mysqli->query('INSERT INTO `ke...')
#1 D:\xampp\htdocs\reqapp_\system\Database\BaseConnection.php(741): CodeIgniter\Database\MySQLi\Connection->execute('INSERT INTO `ke...')
#2 D:\xampp\htdocs\reqapp_\system\Database\BaseConnection.php(669): CodeIgniter\Database\BaseConnection->simpleQuery('INSERT INTO `ke...')
#3 D:\xampp\htdocs\reqapp_\system\Database\BaseBuilder.php(2249): CodeIgniter\Database\BaseConnection->query('INSERT INTO `ke...', Array, false)
#4 D:\xampp\htdocs\reqapp_\system\Model.php(755): CodeIgniter\Database\BaseBuilder->insert()
#5 D:\xampp\htdocs\reqapp_\app\Controllers\DaftarKebutuhan.php(175): CodeIgniter\Model->insert(Array)
#6 D:\xampp\htdocs\reqapp_\system\CodeIgniter.php(918): App\Controllers\DaftarKebutuhan->insert()
#7 D:\xampp\htdocs\reqapp_\system\CodeIgniter.php(404): CodeIgniter\CodeIgniter->runController(Object(App\Controllers\DaftarKebutuhan))
#8 D:\xampp\htdocs\reqapp_\system\CodeIgniter.php(312): CodeIgniter\CodeIgniter->handleRequest(NULL, Object(Config\Cache), false)
#9 D:\xampp\htdocs\reqapp_\public\index.php(45): CodeIgniter\CodeIgniter->run()
#10 D:\xampp\htdocs\reqapp_\system\Commands\Server\rewrite.php(34): require_once('D:\\xampp\\htdocs...')
#11 {main}
CRITICAL - 2020-12-20 00:59:59 --> Cannot add or update a child row: a foreign key constraint fails (`reqapp_db`.`kebutuhan_history`, CONSTRAINT `kebutuhan_history_ibfk_2` FOREIGN KEY (`kode_kebutuhan`) REFERENCES `kebutuhan` (`kode_kebutuhan`) ON DELETE CASCADE ON UPDATE NO ACTION)
#0 D:\xampp\htdocs\reqapp_\system\Database\MySQLi\Connection.php(331): mysqli->query('INSERT INTO `ke...')
#1 D:\xampp\htdocs\reqapp_\system\Database\BaseConnection.php(741): CodeIgniter\Database\MySQLi\Connection->execute('INSERT INTO `ke...')
#2 D:\xampp\htdocs\reqapp_\system\Database\BaseConnection.php(669): CodeIgniter\Database\BaseConnection->simpleQuery('INSERT INTO `ke...')
#3 D:\xampp\htdocs\reqapp_\system\Database\BaseBuilder.php(2249): CodeIgniter\Database\BaseConnection->query('INSERT INTO `ke...', Array, false)
#4 D:\xampp\htdocs\reqapp_\system\Model.php(755): CodeIgniter\Database\BaseBuilder->insert()
#5 D:\xampp\htdocs\reqapp_\app\Controllers\DaftarKebutuhan.php(175): CodeIgniter\Model->insert(Array)
#6 D:\xampp\htdocs\reqapp_\system\CodeIgniter.php(918): App\Controllers\DaftarKebutuhan->insert()
#7 D:\xampp\htdocs\reqapp_\system\CodeIgniter.php(404): CodeIgniter\CodeIgniter->runController(Object(App\Controllers\DaftarKebutuhan))
#8 D:\xampp\htdocs\reqapp_\system\CodeIgniter.php(312): CodeIgniter\CodeIgniter->handleRequest(NULL, Object(Config\Cache), false)
#9 D:\xampp\htdocs\reqapp_\public\index.php(45): CodeIgniter\CodeIgniter->run()
#10 D:\xampp\htdocs\reqapp_\system\Commands\Server\rewrite.php(34): require_once('D:\\xampp\\htdocs...')
#11 {main}
CRITICAL - 2020-12-20 01:14:08 --> Cannot add or update a child row: a foreign key constraint fails (`reqapp_db`.`kebutuhan`, CONSTRAINT `kebutuhan_ibfk_1` FOREIGN KEY (`kategori_kebutuhan_id`) REFERENCES `kategori_kebutuhan` (`kategori_kebutuhan_id`) ON DELETE CASCADE ON UPDATE NO ACTION)
#0 D:\xampp\htdocs\reqapp_\system\Database\MySQLi\Connection.php(331): mysqli->query('REPLACE INTO `k...')
#1 D:\xampp\htdocs\reqapp_\system\Database\BaseConnection.php(741): CodeIgniter\Database\MySQLi\Connection->execute('REPLACE INTO `k...')
#2 D:\xampp\htdocs\reqapp_\system\Database\BaseConnection.php(669): CodeIgniter\Database\BaseConnection->simpleQuery('REPLACE INTO `k...')
#3 D:\xampp\htdocs\reqapp_\system\Database\BaseBuilder.php(2342): CodeIgniter\Database\BaseConnection->query('REPLACE INTO `k...', Array, false)
#4 D:\xampp\htdocs\reqapp_\system\Model.php(1063): CodeIgniter\Database\BaseBuilder->replace(Array, false)
#5 D:\xampp\htdocs\reqapp_\app\Controllers\DaftarKebutuhan.php(156): CodeIgniter\Model->replace(Array)
#6 D:\xampp\htdocs\reqapp_\system\CodeIgniter.php(918): App\Controllers\DaftarKebutuhan->insert()
#7 D:\xampp\htdocs\reqapp_\system\CodeIgniter.php(404): CodeIgniter\CodeIgniter->runController(Object(App\Controllers\DaftarKebutuhan))
#8 D:\xampp\htdocs\reqapp_\system\CodeIgniter.php(312): CodeIgniter\CodeIgniter->handleRequest(NULL, Object(Config\Cache), false)
#9 D:\xampp\htdocs\reqapp_\public\index.php(45): CodeIgniter\CodeIgniter->run()
#10 D:\xampp\htdocs\reqapp_\system\Commands\Server\rewrite.php(34): require_once('D:\\xampp\\htdocs...')
#11 {main}
CRITICAL - 2020-12-20 01:15:05 --> Cannot add or update a child row: a foreign key constraint fails (`reqapp_db`.`kebutuhan`, CONSTRAINT `kebutuhan_ibfk_1` FOREIGN KEY (`kategori_kebutuhan_id`) REFERENCES `kategori_kebutuhan` (`kategori_kebutuhan_id`) ON DELETE CASCADE ON UPDATE NO ACTION)
#0 D:\xampp\htdocs\reqapp_\system\Database\MySQLi\Connection.php(331): mysqli->query('REPLACE INTO `k...')
#1 D:\xampp\htdocs\reqapp_\system\Database\BaseConnection.php(741): CodeIgniter\Database\MySQLi\Connection->execute('REPLACE INTO `k...')
#2 D:\xampp\htdocs\reqapp_\system\Database\BaseConnection.php(669): CodeIgniter\Database\BaseConnection->simpleQuery('REPLACE INTO `k...')
#3 D:\xampp\htdocs\reqapp_\system\Database\BaseBuilder.php(2342): CodeIgniter\Database\BaseConnection->query('REPLACE INTO `k...', Array, false)
#4 D:\xampp\htdocs\reqapp_\system\Model.php(1063): CodeIgniter\Database\BaseBuilder->replace(Array, false)
#5 D:\xampp\htdocs\reqapp_\app\Controllers\DaftarKebutuhan.php(156): CodeIgniter\Model->replace(Array)
#6 D:\xampp\htdocs\reqapp_\system\CodeIgniter.php(918): App\Controllers\DaftarKebutuhan->insert()
#7 D:\xampp\htdocs\reqapp_\system\CodeIgniter.php(404): CodeIgniter\CodeIgniter->runController(Object(App\Controllers\DaftarKebutuhan))
#8 D:\xampp\htdocs\reqapp_\system\CodeIgniter.php(312): CodeIgniter\CodeIgniter->handleRequest(NULL, Object(Config\Cache), false)
#9 D:\xampp\htdocs\reqapp_\public\index.php(45): CodeIgniter\CodeIgniter->run()
#10 D:\xampp\htdocs\reqapp_\system\Commands\Server\rewrite.php(34): require_once('D:\\xampp\\htdocs...')
#11 {main}
CRITICAL - 2020-12-20 01:15:41 --> Cannot add or update a child row: a foreign key constraint fails (`reqapp_db`.`kebutuhan`, CONSTRAINT `kebutuhan_ibfk_1` FOREIGN KEY (`kategori_kebutuhan_id`) REFERENCES `kategori_kebutuhan` (`kategori_kebutuhan_id`) ON DELETE CASCADE ON UPDATE NO ACTION)
#0 D:\xampp\htdocs\reqapp_\system\Database\MySQLi\Connection.php(331): mysqli->query('REPLACE INTO `k...')
#1 D:\xampp\htdocs\reqapp_\system\Database\BaseConnection.php(741): CodeIgniter\Database\MySQLi\Connection->execute('REPLACE INTO `k...')
#2 D:\xampp\htdocs\reqapp_\system\Database\BaseConnection.php(669): CodeIgniter\Database\BaseConnection->simpleQuery('REPLACE INTO `k...')
#3 D:\xampp\htdocs\reqapp_\system\Database\BaseBuilder.php(2342): CodeIgniter\Database\BaseConnection->query('REPLACE INTO `k...', Array, false)
#4 D:\xampp\htdocs\reqapp_\system\Model.php(1063): CodeIgniter\Database\BaseBuilder->replace(Array, false)
#5 D:\xampp\htdocs\reqapp_\app\Controllers\DaftarKebutuhan.php(156): CodeIgniter\Model->replace(Array)
#6 D:\xampp\htdocs\reqapp_\system\CodeIgniter.php(918): App\Controllers\DaftarKebutuhan->insert()
#7 D:\xampp\htdocs\reqapp_\system\CodeIgniter.php(404): CodeIgniter\CodeIgniter->runController(Object(App\Controllers\DaftarKebutuhan))
#8 D:\xampp\htdocs\reqapp_\system\CodeIgniter.php(312): CodeIgniter\CodeIgniter->handleRequest(NULL, Object(Config\Cache), false)
#9 D:\xampp\htdocs\reqapp_\public\index.php(45): CodeIgniter\CodeIgniter->run()
#10 D:\xampp\htdocs\reqapp_\system\Commands\Server\rewrite.php(34): require_once('D:\\xampp\\htdocs...')
#11 {main}
CRITICAL - 2020-12-20 01:16:24 --> Cannot add or update a child row: a foreign key constraint fails (`reqapp_db`.`kebutuhan`, CONSTRAINT `kebutuhan_ibfk_1` FOREIGN KEY (`kategori_kebutuhan_id`) REFERENCES `kategori_kebutuhan` (`kategori_kebutuhan_id`) ON DELETE CASCADE ON UPDATE NO ACTION)
#0 D:\xampp\htdocs\reqapp_\system\Database\MySQLi\Connection.php(331): mysqli->query('REPLACE INTO `k...')
#1 D:\xampp\htdocs\reqapp_\system\Database\BaseConnection.php(741): CodeIgniter\Database\MySQLi\Connection->execute('REPLACE INTO `k...')
#2 D:\xampp\htdocs\reqapp_\system\Database\BaseConnection.php(669): CodeIgniter\Database\BaseConnection->simpleQuery('REPLACE INTO `k...')
#3 D:\xampp\htdocs\reqapp_\system\Database\BaseBuilder.php(2342): CodeIgniter\Database\BaseConnection->query('REPLACE INTO `k...', Array, false)
#4 D:\xampp\htdocs\reqapp_\system\Model.php(1063): CodeIgniter\Database\BaseBuilder->replace(Array, false)
#5 D:\xampp\htdocs\reqapp_\app\Controllers\DaftarKebutuhan.php(156): CodeIgniter\Model->replace(Array)
#6 D:\xampp\htdocs\reqapp_\system\CodeIgniter.php(918): App\Controllers\DaftarKebutuhan->insert()
#7 D:\xampp\htdocs\reqapp_\system\CodeIgniter.php(404): CodeIgniter\CodeIgniter->runController(Object(App\Controllers\DaftarKebutuhan))
#8 D:\xampp\htdocs\reqapp_\system\CodeIgniter.php(312): CodeIgniter\CodeIgniter->handleRequest(NULL, Object(Config\Cache), false)
#9 D:\xampp\htdocs\reqapp_\public\index.php(45): CodeIgniter\CodeIgniter->run()
#10 D:\xampp\htdocs\reqapp_\system\Commands\Server\rewrite.php(34): require_once('D:\\xampp\\htdocs...')
#11 {main}
CRITICAL - 2020-12-20 01:19:11 --> Undefined offset: 2
#0 D:\xampp\htdocs\reqapp_\app\Controllers\DaftarKebutuhan.php(137): CodeIgniter\Debug\Exceptions->errorHandler(8, 'Undefined offse...', 'D:\\xampp\\htdocs...', 137, Array)
#1 D:\xampp\htdocs\reqapp_\system\CodeIgniter.php(918): App\Controllers\DaftarKebutuhan->insert()
#2 D:\xampp\htdocs\reqapp_\system\CodeIgniter.php(404): CodeIgniter\CodeIgniter->runController(Object(App\Controllers\DaftarKebutuhan))
#3 D:\xampp\htdocs\reqapp_\system\CodeIgniter.php(312): CodeIgniter\CodeIgniter->handleRequest(NULL, Object(Config\Cache), false)
#4 D:\xampp\htdocs\reqapp_\public\index.php(45): CodeIgniter\CodeIgniter->run()
#5 D:\xampp\htdocs\reqapp_\system\Commands\Server\rewrite.php(34): require_once('D:\\xampp\\htdocs...')
#6 {main}
CRITICAL - 2020-12-20 01:19:17 --> Undefined variable: list
#0 D:\xampp\htdocs\reqapp_\app\Views\pages\daftar-kebutuhan.php(152): CodeIgniter\Debug\Exceptions->errorHandler(8, 'Undefined varia...', 'D:\\xampp\\htdocs...', 152, Array)
#1 D:\xampp\htdocs\reqapp_\system\View\View.php(246): include('D:\\xampp\\htdocs...')
#2 D:\xampp\htdocs\reqapp_\system\Common.php(1119): CodeIgniter\View\View->render('pages/daftar-ke...', Array, true)
#3 D:\xampp\htdocs\reqapp_\app\Controllers\DaftarKebutuhan.php(18): view('pages/daftar-ke...', Array)
#4 D:\xampp\htdocs\reqapp_\system\CodeIgniter.php(918): App\Controllers\DaftarKebutuhan->index()
#5 D:\xampp\htdocs\reqapp_\system\CodeIgniter.php(404): CodeIgniter\CodeIgniter->runController(Object(App\Controllers\DaftarKebutuhan))
#6 D:\xampp\htdocs\reqapp_\system\CodeIgniter.php(312): CodeIgniter\CodeIgniter->handleRequest(NULL, Object(Config\Cache), false)
#7 D:\xampp\htdocs\reqapp_\public\index.php(45): CodeIgniter\CodeIgniter->run()
#8 D:\xampp\htdocs\reqapp_\system\Commands\Server\rewrite.php(34): require_once('D:\\xampp\\htdocs...')
#9 {main}
CRITICAL - 2020-12-20 01:29:06 --> Undefined variable: validated
#0 D:\xampp\htdocs\reqapp_\app\Controllers\DaftarKebutuhan.php(125): CodeIgniter\Debug\Exceptions->errorHandler(8, 'Undefined varia...', 'D:\\xampp\\htdocs...', 125, Array)
#1 D:\xampp\htdocs\reqapp_\system\CodeIgniter.php(918): App\Controllers\DaftarKebutuhan->insert()
#2 D:\xampp\htdocs\reqapp_\system\CodeIgniter.php(404): CodeIgniter\CodeIgniter->runController(Object(App\Controllers\DaftarKebutuhan))
#3 D:\xampp\htdocs\reqapp_\system\CodeIgniter.php(312): CodeIgniter\CodeIgniter->handleRequest(NULL, Object(Config\Cache), false)
#4 D:\xampp\htdocs\reqapp_\public\index.php(45): CodeIgniter\CodeIgniter->run()
#5 D:\xampp\htdocs\reqapp_\system\Commands\Server\rewrite.php(34): require_once('D:\\xampp\\htdocs...')
#6 {main}
CRITICAL - 2020-12-20 01:29:34 --> Undefined variable: files
#0 D:\xampp\htdocs\reqapp_\app\Controllers\DaftarKebutuhan.php(133): CodeIgniter\Debug\Exceptions->errorHandler(8, 'Undefined varia...', 'D:\\xampp\\htdocs...', 133, Array)
#1 D:\xampp\htdocs\reqapp_\system\CodeIgniter.php(918): App\Controllers\DaftarKebutuhan->insert()
#2 D:\xampp\htdocs\reqapp_\system\CodeIgniter.php(404): CodeIgniter\CodeIgniter->runController(Object(App\Controllers\DaftarKebutuhan))
#3 D:\xampp\htdocs\reqapp_\system\CodeIgniter.php(312): CodeIgniter\CodeIgniter->handleRequest(NULL, Object(Config\Cache), false)
#4 D:\xampp\htdocs\reqapp_\public\index.php(45): CodeIgniter\CodeIgniter->run()
#5 D:\xampp\htdocs\reqapp_\system\Commands\Server\rewrite.php(34): require_once('D:\\xampp\\htdocs...')
#6 {main}
CRITICAL - 2020-12-20 01:30:17 --> Undefined offset: 2
#0 D:\xampp\htdocs\reqapp_\app\Controllers\DaftarKebutuhan.php(145): CodeIgniter\Debug\Exceptions->errorHandler(8, 'Undefined offse...', 'D:\\xampp\\htdocs...', 145, Array)
#1 D:\xampp\htdocs\reqapp_\system\CodeIgniter.php(918): App\Controllers\DaftarKebutuhan->insert()
#2 D:\xampp\htdocs\reqapp_\system\CodeIgniter.php(404): CodeIgniter\CodeIgniter->runController(Object(App\Controllers\DaftarKebutuhan))
#3 D:\xampp\htdocs\reqapp_\system\CodeIgniter.php(312): CodeIgniter\CodeIgniter->handleRequest(NULL, Object(Config\Cache), false)
#4 D:\xampp\htdocs\reqapp_\public\index.php(45): CodeIgniter\CodeIgniter->run()
#5 D:\xampp\htdocs\reqapp_\system\Commands\Server\rewrite.php(34): require_once('D:\\xampp\\htdocs...')
#6 {main}
CRITICAL - 2020-12-20 01:30:26 --> Undefined offset: 2
#0 D:\xampp\htdocs\reqapp_\app\Controllers\DaftarKebutuhan.php(145): CodeIgniter\Debug\Exceptions->errorHandler(8, 'Undefined offse...', 'D:\\xampp\\htdocs...', 145, Array)
#1 D:\xampp\htdocs\reqapp_\system\CodeIgniter.php(918): App\Controllers\DaftarKebutuhan->insert()
#2 D:\xampp\htdocs\reqapp_\system\CodeIgniter.php(404): CodeIgniter\CodeIgniter->runController(Object(App\Controllers\DaftarKebutuhan))
#3 D:\xampp\htdocs\reqapp_\system\CodeIgniter.php(312): CodeIgniter\CodeIgniter->handleRequest(NULL, Object(Config\Cache), false)
#4 D:\xampp\htdocs\reqapp_\public\index.php(45): CodeIgniter\CodeIgniter->run()
#5 D:\xampp\htdocs\reqapp_\system\Commands\Server\rewrite.php(34): require_once('D:\\xampp\\htdocs...')
#6 {main}
CRITICAL - 2020-12-20 01:37:45 --> Unknown column 'kebutuhan.kategori_kebutuhan_id' in 'on clause'
#0 D:\xampp\htdocs\reqapp_\system\Database\MySQLi\Connection.php(331): mysqli->query('SELECT *\nFROM `...')
#1 D:\xampp\htdocs\reqapp_\system\Database\BaseConnection.php(741): CodeIgniter\Database\MySQLi\Connection->execute('SELECT *\nFROM `...')
#2 D:\xampp\htdocs\reqapp_\system\Database\BaseConnection.php(669): CodeIgniter\Database\BaseConnection->simpleQuery('SELECT *\nFROM `...')
#3 D:\xampp\htdocs\reqapp_\system\Database\BaseBuilder.php(1860): CodeIgniter\Database\BaseConnection->query('SELECT *\nFROM `...', Array, false)
#4 D:\xampp\htdocs\reqapp_\system\Model.php(1818): CodeIgniter\Database\BaseBuilder->get()
#5 D:\xampp\htdocs\reqapp_\app\Models\HistoryKebutuhanModel.php(25): CodeIgniter\Model->__call('get', Array)
#6 D:\xampp\htdocs\reqapp_\app\Controllers\DaftarKebutuhan.php(69): App\Models\HistoryKebutuhanModel->getAll(Array)
#7 D:\xampp\htdocs\reqapp_\system\CodeIgniter.php(918): App\Controllers\DaftarKebutuhan->listriwayat()
#8 D:\xampp\htdocs\reqapp_\system\CodeIgniter.php(404): CodeIgniter\CodeIgniter->runController(Object(App\Controllers\DaftarKebutuhan))
#9 D:\xampp\htdocs\reqapp_\system\CodeIgniter.php(312): CodeIgniter\CodeIgniter->handleRequest(NULL, Object(Config\Cache), false)
#10 D:\xampp\htdocs\reqapp_\public\index.php(45): CodeIgniter\CodeIgniter->run()
#11 D:\xampp\htdocs\reqapp_\system\Commands\Server\rewrite.php(34): require_once('D:\\xampp\\htdocs...')
#12 {main}
CRITICAL - 2020-12-20 01:46:39 --> Column 'created_at' in order clause is ambiguous
#0 D:\xampp\htdocs\reqapp_\system\Database\MySQLi\Connection.php(331): mysqli->query('SELECT *\nFROM `...')
#1 D:\xampp\htdocs\reqapp_\system\Database\BaseConnection.php(741): CodeIgniter\Database\MySQLi\Connection->execute('SELECT *\nFROM `...')
#2 D:\xampp\htdocs\reqapp_\system\Database\BaseConnection.php(669): CodeIgniter\Database\BaseConnection->simpleQuery('SELECT *\nFROM `...')
#3 D:\xampp\htdocs\reqapp_\system\Database\BaseBuilder.php(1860): CodeIgniter\Database\BaseConnection->query('SELECT *\nFROM `...', Array, false)
#4 D:\xampp\htdocs\reqapp_\system\Model.php(1818): CodeIgniter\Database\BaseBuilder->get()
#5 D:\xampp\htdocs\reqapp_\app\Models\HistoryKebutuhanModel.php(25): CodeIgniter\Model->__call('get', Array)
#6 D:\xampp\htdocs\reqapp_\app\Controllers\DaftarKebutuhan.php(69): App\Models\HistoryKebutuhanModel->getAll(Array)
#7 D:\xampp\htdocs\reqapp_\system\CodeIgniter.php(918): App\Controllers\DaftarKebutuhan->listriwayat()
#8 D:\xampp\htdocs\reqapp_\system\CodeIgniter.php(404): CodeIgniter\CodeIgniter->runController(Object(App\Controllers\DaftarKebutuhan))
#9 D:\xampp\htdocs\reqapp_\system\CodeIgniter.php(312): CodeIgniter\CodeIgniter->handleRequest(NULL, Object(Config\Cache), false)
#10 D:\xampp\htdocs\reqapp_\public\index.php(45): CodeIgniter\CodeIgniter->run()
#11 D:\xampp\htdocs\reqapp_\system\Commands\Server\rewrite.php(34): require_once('D:\\xampp\\htdocs...')
#12 {main}
CRITICAL - 2020-12-20 01:46:54 --> Column 'created_at' in order clause is ambiguous
#0 D:\xampp\htdocs\reqapp_\system\Database\MySQLi\Connection.php(331): mysqli->query('SELECT *\nFROM `...')
#1 D:\xampp\htdocs\reqapp_\system\Database\BaseConnection.php(741): CodeIgniter\Database\MySQLi\Connection->execute('SELECT *\nFROM `...')
#2 D:\xampp\htdocs\reqapp_\system\Database\BaseConnection.php(669): CodeIgniter\Database\BaseConnection->simpleQuery('SELECT *\nFROM `...')
#3 D:\xampp\htdocs\reqapp_\system\Database\BaseBuilder.php(1860): CodeIgniter\Database\BaseConnection->query('SELECT *\nFROM `...', Array, false)
#4 D:\xampp\htdocs\reqapp_\system\Model.php(1818): CodeIgniter\Database\BaseBuilder->get()
#5 D:\xampp\htdocs\reqapp_\app\Models\HistoryKebutuhanModel.php(25): CodeIgniter\Model->__call('get', Array)
#6 D:\xampp\htdocs\reqapp_\app\Controllers\DaftarKebutuhan.php(69): App\Models\HistoryKebutuhanModel->getAll(Array)
#7 D:\xampp\htdocs\reqapp_\system\CodeIgniter.php(918): App\Controllers\DaftarKebutuhan->listriwayat()
#8 D:\xampp\htdocs\reqapp_\system\CodeIgniter.php(404): CodeIgniter\CodeIgniter->runController(Object(App\Controllers\DaftarKebutuhan))
#9 D:\xampp\htdocs\reqapp_\system\CodeIgniter.php(312): CodeIgniter\CodeIgniter->handleRequest(NULL, Object(Config\Cache), false)
#10 D:\xampp\htdocs\reqapp_\public\index.php(45): CodeIgniter\CodeIgniter->run()
#11 D:\xampp\htdocs\reqapp_\system\Commands\Server\rewrite.php(34): require_once('D:\\xampp\\htdocs...')
#12 {main}
CRITICAL - 2020-12-20 02:03:53 --> Undefined index: search
#0 D:\xampp\htdocs\reqapp_\app\Models\DaftarKebutuhanModel.php(36): CodeIgniter\Debug\Exceptions->errorHandler(8, 'Undefined index...', 'D:\\xampp\\htdocs...', 36, Array)
#1 D:\xampp\htdocs\reqapp_\app\Models\DaftarKebutuhanModel.php(20): App\Models\DaftarKebutuhanModel->getDatatableQuery(Array)
#2 D:\xampp\htdocs\reqapp_\app\Controllers\gilangController.php(21): App\Models\DaftarKebutuhanModel->getAll(Array)
#3 D:\xampp\htdocs\reqapp_\system\CodeIgniter.php(918): App\Controllers\gilangController->exportkebutuhan()
#4 D:\xampp\htdocs\reqapp_\system\CodeIgniter.php(404): CodeIgniter\CodeIgniter->runController(Object(App\Controllers\gilangController))
#5 D:\xampp\htdocs\reqapp_\system\CodeIgniter.php(312): CodeIgniter\CodeIgniter->handleRequest(NULL, Object(Config\Cache), false)
#6 D:\xampp\htdocs\reqapp_\public\index.php(45): CodeIgniter\CodeIgniter->run()
#7 D:\xampp\htdocs\reqapp_\system\Commands\Server\rewrite.php(34): require_once('D:\\xampp\\htdocs...')
#8 {main}
CRITICAL - 2020-12-20 02:05:00 --> Too few arguments to function App\Models\DaftarKebutuhanModel::getAll(), 0 passed in D:\xampp\htdocs\reqapp_\app\Controllers\gilangController.php on line 20 and exactly 1 expected
#0 D:\xampp\htdocs\reqapp_\app\Controllers\gilangController.php(20): App\Models\DaftarKebutuhanModel->getAll()
#1 D:\xampp\htdocs\reqapp_\system\CodeIgniter.php(918): App\Controllers\gilangController->exportkebutuhan()
#2 D:\xampp\htdocs\reqapp_\system\CodeIgniter.php(404): CodeIgniter\CodeIgniter->runController(Object(App\Controllers\gilangController))
#3 D:\xampp\htdocs\reqapp_\system\CodeIgniter.php(312): CodeIgniter\CodeIgniter->handleRequest(NULL, Object(Config\Cache), false)
#4 D:\xampp\htdocs\reqapp_\public\index.php(45): CodeIgniter\CodeIgniter->run()
#5 D:\xampp\htdocs\reqapp_\system\Commands\Server\rewrite.php(34): require_once('D:\\xampp\\htdocs...')
#6 {main}
CRITICAL - 2020-12-20 02:06:32 --> Cannot use object of type mysqli as array
#0 D:\xampp\htdocs\reqapp_\system\View\View.php(246): include()
#1 D:\xampp\htdocs\reqapp_\system\Common.php(1119): CodeIgniter\View\View->render('report/exportke...', Array, true)
#2 D:\xampp\htdocs\reqapp_\app\Controllers\gilangController.php(22): view('report/exportke...', Array)
#3 D:\xampp\htdocs\reqapp_\system\CodeIgniter.php(918): App\Controllers\gilangController->exportkebutuhan()
#4 D:\xampp\htdocs\reqapp_\system\CodeIgniter.php(404): CodeIgniter\CodeIgniter->runController(Object(App\Controllers\gilangController))
#5 D:\xampp\htdocs\reqapp_\system\CodeIgniter.php(312): CodeIgniter\CodeIgniter->handleRequest(NULL, Object(Config\Cache), false)
#6 D:\xampp\htdocs\reqapp_\public\index.php(45): CodeIgniter\CodeIgniter->run()
#7 D:\xampp\htdocs\reqapp_\system\Commands\Server\rewrite.php(34): require_once('D:\\xampp\\htdocs...')
#8 {main}
CRITICAL - 2020-12-20 02:12:43 --> Undefined property: mysqli::$kode_kebutuhan
#0 D:\xampp\htdocs\reqapp_\app\Views\report\exportkebutuhan.php(34): CodeIgniter\Debug\Exceptions->errorHandler(8, 'Undefined prope...', 'D:\\xampp\\htdocs...', 34, Array)
#1 D:\xampp\htdocs\reqapp_\system\View\View.php(246): include('D:\\xampp\\htdocs...')
#2 D:\xampp\htdocs\reqapp_\system\Common.php(1119): CodeIgniter\View\View->render('report/exportke...', Array, true)
#3 D:\xampp\htdocs\reqapp_\app\Controllers\gilangController.php(22): view('report/exportke...', Array)
#4 D:\xampp\htdocs\reqapp_\system\CodeIgniter.php(918): App\Controllers\gilangController->exportkebutuhan()
#5 D:\xampp\htdocs\reqapp_\system\CodeIgniter.php(404): CodeIgniter\CodeIgniter->runController(Object(App\Controllers\gilangController))
#6 D:\xampp\htdocs\reqapp_\system\CodeIgniter.php(312): CodeIgniter\CodeIgniter->handleRequest(NULL, Object(Config\Cache), false)
#7 D:\xampp\htdocs\reqapp_\public\index.php(45): CodeIgniter\CodeIgniter->run()
#8 D:\xampp\htdocs\reqapp_\system\Commands\Server\rewrite.php(34): require_once('D:\\xampp\\htdocs...')
#9 {main}
CRITICAL - 2020-12-20 02:12:47 --> Undefined property: mysqli::$kode_kebutuhan
#0 D:\xampp\htdocs\reqapp_\app\Views\report\exportkebutuhan.php(34): CodeIgniter\Debug\Exceptions->errorHandler(8, 'Undefined prope...', 'D:\\xampp\\htdocs...', 34, Array)
#1 D:\xampp\htdocs\reqapp_\system\View\View.php(246): include('D:\\xampp\\htdocs...')
#2 D:\xampp\htdocs\reqapp_\system\Common.php(1119): CodeIgniter\View\View->render('report/exportke...', Array, true)
#3 D:\xampp\htdocs\reqapp_\app\Controllers\gilangController.php(22): view('report/exportke...', Array)
#4 D:\xampp\htdocs\reqapp_\system\CodeIgniter.php(918): App\Controllers\gilangController->exportkebutuhan()
#5 D:\xampp\htdocs\reqapp_\system\CodeIgniter.php(404): CodeIgniter\CodeIgniter->runController(Object(App\Controllers\gilangController))
#6 D:\xampp\htdocs\reqapp_\system\CodeIgniter.php(312): CodeIgniter\CodeIgniter->handleRequest(NULL, Object(Config\Cache), false)
#7 D:\xampp\htdocs\reqapp_\public\index.php(45): CodeIgniter\CodeIgniter->run()
#8 D:\xampp\htdocs\reqapp_\system\Commands\Server\rewrite.php(34): require_once('D:\\xampp\\htdocs...')
#9 {main}
CRITICAL - 2020-12-20 02:13:07 --> Object of class mysqli could not be converted to string
#0 D:\xampp\htdocs\reqapp_\app\Views\report\exportkebutuhan.php(31): CodeIgniter\Debug\Exceptions->errorHandler(4096, 'Object of class...', 'D:\\xampp\\htdocs...', 31, Array)
#1 D:\xampp\htdocs\reqapp_\system\View\View.php(246): include('D:\\xampp\\htdocs...')
#2 D:\xampp\htdocs\reqapp_\system\Common.php(1119): CodeIgniter\View\View->render('report/exportke...', Array, true)
#3 D:\xampp\htdocs\reqapp_\app\Controllers\gilangController.php(22): view('report/exportke...', Array)
#4 D:\xampp\htdocs\reqapp_\system\CodeIgniter.php(918): App\Controllers\gilangController->exportkebutuhan()
#5 D:\xampp\htdocs\reqapp_\system\CodeIgniter.php(404): CodeIgniter\CodeIgniter->runController(Object(App\Controllers\gilangController))
#6 D:\xampp\htdocs\reqapp_\system\CodeIgniter.php(312): CodeIgniter\CodeIgniter->handleRequest(NULL, Object(Config\Cache), false)
#7 D:\xampp\htdocs\reqapp_\public\index.php(45): CodeIgniter\CodeIgniter->run()
#8 D:\xampp\htdocs\reqapp_\system\Commands\Server\rewrite.php(34): require_once('D:\\xampp\\htdocs...')
#9 {main}
CRITICAL - 2020-12-20 02:15:09 --> Undefined index: nama_kategori
#0 D:\xampp\htdocs\reqapp_\app\Views\report\exportkebutuhan.php(37): CodeIgniter\Debug\Exceptions->errorHandler(8, 'Undefined index...', 'D:\\xampp\\htdocs...', 37, Array)
#1 D:\xampp\htdocs\reqapp_\system\View\View.php(246): include('D:\\xampp\\htdocs...')
#2 D:\xampp\htdocs\reqapp_\system\Common.php(1119): CodeIgniter\View\View->render('report/exportke...', Array, true)
#3 D:\xampp\htdocs\reqapp_\app\Controllers\gilangController.php(22): view('report/exportke...', Array)
#4 D:\xampp\htdocs\reqapp_\system\CodeIgniter.php(918): App\Controllers\gilangController->exportkebutuhan()
#5 D:\xampp\htdocs\reqapp_\system\CodeIgniter.php(404): CodeIgniter\CodeIgniter->runController(Object(App\Controllers\gilangController))
#6 D:\xampp\htdocs\reqapp_\system\CodeIgniter.php(312): CodeIgniter\CodeIgniter->handleRequest(NULL, Object(Config\Cache), false)
#7 D:\xampp\htdocs\reqapp_\public\index.php(45): CodeIgniter\CodeIgniter->run()
#8 D:\xampp\htdocs\reqapp_\system\Commands\Server\rewrite.php(34): require_once('D:\\xampp\\htdocs...')
#9 {main}
CRITICAL - 2020-12-20 02:16:26 --> Undefined variable: builder
#0 D:\xampp\htdocs\reqapp_\app\Controllers\gilangController.php(20): CodeIgniter\Debug\Exceptions->errorHandler(8, 'Undefined varia...', 'D:\\xampp\\htdocs...', 20, Array)
#1 D:\xampp\htdocs\reqapp_\system\CodeIgniter.php(918): App\Controllers\gilangController->exportkebutuhan()
#2 D:\xampp\htdocs\reqapp_\system\CodeIgniter.php(404): CodeIgniter\CodeIgniter->runController(Object(App\Controllers\gilangController))
#3 D:\xampp\htdocs\reqapp_\system\CodeIgniter.php(312): CodeIgniter\CodeIgniter->handleRequest(NULL, Object(Config\Cache), false)
#4 D:\xampp\htdocs\reqapp_\public\index.php(45): CodeIgniter\CodeIgniter->run()
#5 D:\xampp\htdocs\reqapp_\system\Commands\Server\rewrite.php(34): require_once('D:\\xampp\\htdocs...')
#6 {main}
CRITICAL - 2020-12-20 02:16:34 --> Cannot use object of type mysqli as array
#0 D:\xampp\htdocs\reqapp_\system\View\View.php(246): include()
#1 D:\xampp\htdocs\reqapp_\system\Common.php(1119): CodeIgniter\View\View->render('report/exportke...', Array, true)
#2 D:\xampp\htdocs\reqapp_\app\Controllers\gilangController.php(24): view('report/exportke...', Array)
#3 D:\xampp\htdocs\reqapp_\system\CodeIgniter.php(918): App\Controllers\gilangController->exportkebutuhan()
#4 D:\xampp\htdocs\reqapp_\system\CodeIgniter.php(404): CodeIgniter\CodeIgniter->runController(Object(App\Controllers\gilangController))
#5 D:\xampp\htdocs\reqapp_\system\CodeIgniter.php(312): CodeIgniter\CodeIgniter->handleRequest(NULL, Object(Config\Cache), false)
#6 D:\xampp\htdocs\reqapp_\public\index.php(45): CodeIgniter\CodeIgniter->run()
#7 D:\xampp\htdocs\reqapp_\system\Commands\Server\rewrite.php(34): require_once('D:\\xampp\\htdocs...')
#8 {main}
CRITICAL - 2020-12-20 02:17:11 --> Table 'reqapp_db.nama_kategori' doesn't exist
#0 D:\xampp\htdocs\reqapp_\system\Database\MySQLi\Connection.php(331): mysqli->query('SELECT *\nFROM `...')
#1 D:\xampp\htdocs\reqapp_\system\Database\BaseConnection.php(741): CodeIgniter\Database\MySQLi\Connection->execute('SELECT *\nFROM `...')
#2 D:\xampp\htdocs\reqapp_\system\Database\BaseConnection.php(669): CodeIgniter\Database\BaseConnection->simpleQuery('SELECT *\nFROM `...')
#3 D:\xampp\htdocs\reqapp_\system\Database\BaseBuilder.php(1860): CodeIgniter\Database\BaseConnection->query('SELECT *\nFROM `...', Array, false)
#4 D:\xampp\htdocs\reqapp_\system\Model.php(1818): CodeIgniter\Database\BaseBuilder->get()
#5 D:\xampp\htdocs\reqapp_\app\Controllers\gilangController.php(20): CodeIgniter\Model->__call('get', Array)
#6 D:\xampp\htdocs\reqapp_\system\CodeIgniter.php(918): App\Controllers\gilangController->exportkebutuhan()
#7 D:\xampp\htdocs\reqapp_\system\CodeIgniter.php(404): CodeIgniter\CodeIgniter->runController(Object(App\Controllers\gilangController))
#8 D:\xampp\htdocs\reqapp_\system\CodeIgniter.php(312): CodeIgniter\CodeIgniter->handleRequest(NULL, Object(Config\Cache), false)
#9 D:\xampp\htdocs\reqapp_\public\index.php(45): CodeIgniter\CodeIgniter->run()
#10 D:\xampp\htdocs\reqapp_\system\Commands\Server\rewrite.php(34): require_once('D:\\xampp\\htdocs...')
#11 {main}
CRITICAL - 2020-12-20 02:17:28 --> Cannot use object of type mysqli as array
#0 D:\xampp\htdocs\reqapp_\system\View\View.php(246): include()
#1 D:\xampp\htdocs\reqapp_\system\Common.php(1119): CodeIgniter\View\View->render('report/exportke...', Array, true)
#2 D:\xampp\htdocs\reqapp_\app\Controllers\gilangController.php(24): view('report/exportke...', Array)
#3 D:\xampp\htdocs\reqapp_\system\CodeIgniter.php(918): App\Controllers\gilangController->exportkebutuhan()
#4 D:\xampp\htdocs\reqapp_\system\CodeIgniter.php(404): CodeIgniter\CodeIgniter->runController(Object(App\Controllers\gilangController))
#5 D:\xampp\htdocs\reqapp_\system\CodeIgniter.php(312): CodeIgniter\CodeIgniter->handleRequest(NULL, Object(Config\Cache), false)
#6 D:\xampp\htdocs\reqapp_\public\index.php(45): CodeIgniter\CodeIgniter->run()
#7 D:\xampp\htdocs\reqapp_\system\Commands\Server\rewrite.php(34): require_once('D:\\xampp\\htdocs...')
#8 {main}
CRITICAL - 2020-12-20 02:19:41 --> Cannot use object of type mysqli as array
#0 D:\xampp\htdocs\reqapp_\system\View\View.php(246): include()
#1 D:\xampp\htdocs\reqapp_\system\Common.php(1119): CodeIgniter\View\View->render('report/exportke...', Array, true)
#2 D:\xampp\htdocs\reqapp_\app\Controllers\gilangController.php(23): view('report/exportke...', Array)
#3 D:\xampp\htdocs\reqapp_\system\CodeIgniter.php(918): App\Controllers\gilangController->exportkebutuhan()
#4 D:\xampp\htdocs\reqapp_\system\CodeIgniter.php(404): CodeIgniter\CodeIgniter->runController(Object(App\Controllers\gilangController))
#5 D:\xampp\htdocs\reqapp_\system\CodeIgniter.php(312): CodeIgniter\CodeIgniter->handleRequest(NULL, Object(Config\Cache), false)
#6 D:\xampp\htdocs\reqapp_\public\index.php(45): CodeIgniter\CodeIgniter->run()
#7 D:\xampp\htdocs\reqapp_\system\Commands\Server\rewrite.php(34): require_once('D:\\xampp\\htdocs...')
#8 {main}
CRITICAL - 2020-12-20 02:20:08 --> Call to undefined method CodeIgniter\Database\MySQLi\Result::result_array()
#0 D:\xampp\htdocs\reqapp_\system\View\View.php(246): include()
#1 D:\xampp\htdocs\reqapp_\system\Common.php(1119): CodeIgniter\View\View->render('report/exportke...', Array, true)
#2 D:\xampp\htdocs\reqapp_\app\Controllers\gilangController.php(23): view('report/exportke...', Array)
#3 D:\xampp\htdocs\reqapp_\system\CodeIgniter.php(918): App\Controllers\gilangController->exportkebutuhan()
#4 D:\xampp\htdocs\reqapp_\system\CodeIgniter.php(404): CodeIgniter\CodeIgniter->runController(Object(App\Controllers\gilangController))
#5 D:\xampp\htdocs\reqapp_\system\CodeIgniter.php(312): CodeIgniter\CodeIgniter->handleRequest(NULL, Object(Config\Cache), false)
#6 D:\xampp\htdocs\reqapp_\public\index.php(45): CodeIgniter\CodeIgniter->run()
#7 D:\xampp\htdocs\reqapp_\system\Commands\Server\rewrite.php(34): require_once('D:\\xampp\\htdocs...')
#8 {main}
CRITICAL - 2020-12-20 02:34:20 --> Cannot use object of type mysqli as array
#0 D:\xampp\htdocs\reqapp_\system\View\View.php(246): include()
#1 D:\xampp\htdocs\reqapp_\system\Common.php(1119): CodeIgniter\View\View->render('report/exportke...', Array, true)
#2 D:\xampp\htdocs\reqapp_\app\Controllers\gilangController.php(23): view('report/exportke...', Array)
#3 D:\xampp\htdocs\reqapp_\system\CodeIgniter.php(918): App\Controllers\gilangController->exportkebutuhan()
#4 D:\xampp\htdocs\reqapp_\system\CodeIgniter.php(404): CodeIgniter\CodeIgniter->runController(Object(App\Controllers\gilangController))
#5 D:\xampp\htdocs\reqapp_\system\CodeIgniter.php(312): CodeIgniter\CodeIgniter->handleRequest(NULL, Object(Config\Cache), false)
#6 D:\xampp\htdocs\reqapp_\public\index.php(45): CodeIgniter\CodeIgniter->run()
#7 D:\xampp\htdocs\reqapp_\system\Commands\Server\rewrite.php(34): require_once('D:\\xampp\\htdocs...')
#8 {main}
CRITICAL - 2020-12-20 02:56:14 --> Undefined index: harga
#0 D:\xampp\htdocs\reqapp_\app\Views\report\exceltemplate.php(40): CodeIgniter\Debug\Exceptions->errorHandler(8, 'Undefined index...', 'D:\\xampp\\htdocs...', 40, Array)
#1 D:\xampp\htdocs\reqapp_\system\View\View.php(246): include('D:\\xampp\\htdocs...')
#2 D:\xampp\htdocs\reqapp_\system\Common.php(1119): CodeIgniter\View\View->render('report/exceltem...', Array, true)
#3 D:\xampp\htdocs\reqapp_\app\Controllers\gilangController.php(46): view('report/exceltem...', Array)
#4 D:\xampp\htdocs\reqapp_\system\CodeIgniter.php(918): App\Controllers\gilangController->exceltemplate()
#5 D:\xampp\htdocs\reqapp_\system\CodeIgniter.php(404): CodeIgniter\CodeIgniter->runController(Object(App\Controllers\gilangController))
#6 D:\xampp\htdocs\reqapp_\system\CodeIgniter.php(312): CodeIgniter\CodeIgniter->handleRequest(NULL, Object(Config\Cache), false)
#7 D:\xampp\htdocs\reqapp_\public\index.php(45): CodeIgniter\CodeIgniter->run()
#8 D:\xampp\htdocs\reqapp_\system\Commands\Server\rewrite.php(34): require_once('D:\\xampp\\htdocs...')
#9 {main}
CRITICAL - 2020-12-20 02:56:16 --> Undefined index: harga
#0 D:\xampp\htdocs\reqapp_\app\Views\report\exceltemplate.php(40): CodeIgniter\Debug\Exceptions->errorHandler(8, 'Undefined index...', 'D:\\xampp\\htdocs...', 40, Array)
#1 D:\xampp\htdocs\reqapp_\system\View\View.php(246): include('D:\\xampp\\htdocs...')
#2 D:\xampp\htdocs\reqapp_\system\Common.php(1119): CodeIgniter\View\View->render('report/exceltem...', Array, true)
#3 D:\xampp\htdocs\reqapp_\app\Controllers\gilangController.php(46): view('report/exceltem...', Array)
#4 D:\xampp\htdocs\reqapp_\system\CodeIgniter.php(918): App\Controllers\gilangController->exceltemplate()
#5 D:\xampp\htdocs\reqapp_\system\CodeIgniter.php(404): CodeIgniter\CodeIgniter->runController(Object(App\Controllers\gilangController))
#6 D:\xampp\htdocs\reqapp_\system\CodeIgniter.php(312): CodeIgniter\CodeIgniter->handleRequest(NULL, Object(Config\Cache), false)
#7 D:\xampp\htdocs\reqapp_\public\index.php(45): CodeIgniter\CodeIgniter->run()
#8 D:\xampp\htdocs\reqapp_\system\Commands\Server\rewrite.php(34): require_once('D:\\xampp\\htdocs...')
#9 {main}
CRITICAL - 2020-12-20 02:56:21 --> Undefined index: harga
#0 D:\xampp\htdocs\reqapp_\app\Views\report\exceltemplate.php(40): CodeIgniter\Debug\Exceptions->errorHandler(8, 'Undefined index...', 'D:\\xampp\\htdocs...', 40, Array)
#1 D:\xampp\htdocs\reqapp_\system\View\View.php(246): include('D:\\xampp\\htdocs...')
#2 D:\xampp\htdocs\reqapp_\system\Common.php(1119): CodeIgniter\View\View->render('report/exceltem...', Array, true)
#3 D:\xampp\htdocs\reqapp_\app\Controllers\gilangController.php(46): view('report/exceltem...', Array)
#4 D:\xampp\htdocs\reqapp_\system\CodeIgniter.php(918): App\Controllers\gilangController->exceltemplate()
#5 D:\xampp\htdocs\reqapp_\system\CodeIgniter.php(404): CodeIgniter\CodeIgniter->runController(Object(App\Controllers\gilangController))
#6 D:\xampp\htdocs\reqapp_\system\CodeIgniter.php(312): CodeIgniter\CodeIgniter->handleRequest(NULL, Object(Config\Cache), false)
#7 D:\xampp\htdocs\reqapp_\public\index.php(45): CodeIgniter\CodeIgniter->run()
#8 D:\xampp\htdocs\reqapp_\system\Commands\Server\rewrite.php(34): require_once('D:\\xampp\\htdocs...')
#9 {main}
CRITICAL - 2020-12-20 02:56:29 --> Undefined index: harga
#0 D:\xampp\htdocs\reqapp_\app\Views\report\exceltemplate.php(40): CodeIgniter\Debug\Exceptions->errorHandler(8, 'Undefined index...', 'D:\\xampp\\htdocs...', 40, Array)
#1 D:\xampp\htdocs\reqapp_\system\View\View.php(246): include('D:\\xampp\\htdocs...')
#2 D:\xampp\htdocs\reqapp_\system\Common.php(1119): CodeIgniter\View\View->render('report/exceltem...', Array, true)
#3 D:\xampp\htdocs\reqapp_\app\Controllers\gilangController.php(46): view('report/exceltem...', Array)
#4 D:\xampp\htdocs\reqapp_\system\CodeIgniter.php(918): App\Controllers\gilangController->exceltemplate()
#5 D:\xampp\htdocs\reqapp_\system\CodeIgniter.php(404): CodeIgniter\CodeIgniter->runController(Object(App\Controllers\gilangController))
#6 D:\xampp\htdocs\reqapp_\system\CodeIgniter.php(312): CodeIgniter\CodeIgniter->handleRequest(NULL, Object(Config\Cache), false)
#7 D:\xampp\htdocs\reqapp_\public\index.php(45): CodeIgniter\CodeIgniter->run()
#8 D:\xampp\htdocs\reqapp_\system\Commands\Server\rewrite.php(34): require_once('D:\\xampp\\htdocs...')
#9 {main}
CRITICAL - 2020-12-20 03:05:44 --> Undefined variable: db
#0 D:\xampp\htdocs\reqapp_\app\Controllers\gilangController.php(37): CodeIgniter\Debug\Exceptions->errorHandler(8, 'Undefined varia...', 'D:\\xampp\\htdocs...', 37, Array)
#1 D:\xampp\htdocs\reqapp_\system\CodeIgniter.php(918): App\Controllers\gilangController->exporttransaksi()
#2 D:\xampp\htdocs\reqapp_\system\CodeIgniter.php(404): CodeIgniter\CodeIgniter->runController(Object(App\Controllers\gilangController))
#3 D:\xampp\htdocs\reqapp_\system\CodeIgniter.php(312): CodeIgniter\CodeIgniter->handleRequest(NULL, Object(Config\Cache), false)
#4 D:\xampp\htdocs\reqapp_\public\index.php(45): CodeIgniter\CodeIgniter->run()
#5 D:\xampp\htdocs\reqapp_\system\Commands\Server\rewrite.php(34): require_once('D:\\xampp\\htdocs...')
#6 {main}
CRITICAL - 2020-12-20 03:06:04 --> You have an error in your SQL syntax; check the manual that corresponds to your MySQL server version for the right syntax to use near 'FROM `transaksi`' at line 2
#0 D:\xampp\htdocs\reqapp_\system\Database\MySQLi\Connection.php(331): mysqli->query('SELECT a.transa...')
#1 D:\xampp\htdocs\reqapp_\system\Database\BaseConnection.php(741): CodeIgniter\Database\MySQLi\Connection->execute('SELECT a.transa...')
#2 D:\xampp\htdocs\reqapp_\system\Database\BaseConnection.php(669): CodeIgniter\Database\BaseConnection->simpleQuery('SELECT a.transa...')
#3 D:\xampp\htdocs\reqapp_\system\Database\BaseBuilder.php(1860): CodeIgniter\Database\BaseConnection->query('SELECT a.transa...', Array, false)
#4 D:\xampp\htdocs\reqapp_\app\Controllers\gilangController.php(40): CodeIgniter\Database\BaseBuilder->get()
#5 D:\xampp\htdocs\reqapp_\system\CodeIgniter.php(918): App\Controllers\gilangController->exporttransaksi()
#6 D:\xampp\htdocs\reqapp_\system\CodeIgniter.php(404): CodeIgniter\CodeIgniter->runController(Object(App\Controllers\gilangController))
#7 D:\xampp\htdocs\reqapp_\system\CodeIgniter.php(312): CodeIgniter\CodeIgniter->handleRequest(NULL, Object(Config\Cache), false)
#8 D:\xampp\htdocs\reqapp_\public\index.php(45): CodeIgniter\CodeIgniter->run()
#9 D:\xampp\htdocs\reqapp_\system\Commands\Server\rewrite.php(34): require_once('D:\\xampp\\htdocs...')
#10 {main}
CRITICAL - 2020-12-20 03:06:59 --> You have an error in your SQL syntax; check the manual that corresponds to your MySQL server version for the right syntax to use near 'FROM `transaksi`' at line 2
#0 D:\xampp\htdocs\reqapp_\system\Database\MySQLi\Connection.php(331): mysqli->query('SELECT a.transa...')
#1 D:\xampp\htdocs\reqapp_\system\Database\BaseConnection.php(741): CodeIgniter\Database\MySQLi\Connection->execute('SELECT a.transa...')
#2 D:\xampp\htdocs\reqapp_\system\Database\BaseConnection.php(669): CodeIgniter\Database\BaseConnection->simpleQuery('SELECT a.transa...')
#3 D:\xampp\htdocs\reqapp_\system\Database\BaseBuilder.php(1860): CodeIgniter\Database\BaseConnection->query('SELECT a.transa...', Array, false)
#4 D:\xampp\htdocs\reqapp_\app\Controllers\gilangController.php(40): CodeIgniter\Database\BaseBuilder->get()
#5 D:\xampp\htdocs\reqapp_\system\CodeIgniter.php(918): App\Controllers\gilangController->exporttransaksi()
#6 D:\xampp\htdocs\reqapp_\system\CodeIgniter.php(404): CodeIgniter\CodeIgniter->runController(Object(App\Controllers\gilangController))
#7 D:\xampp\htdocs\reqapp_\system\CodeIgniter.php(312): CodeIgniter\CodeIgniter->handleRequest(NULL, Object(Config\Cache), false)
#8 D:\xampp\htdocs\reqapp_\public\index.php(45): CodeIgniter\CodeIgniter->run()
#9 D:\xampp\htdocs\reqapp_\system\Commands\Server\rewrite.php(34): require_once('D:\\xampp\\htdocs...')
#10 {main}
CRITICAL - 2020-12-20 03:08:31 --> Undefined property: App\Controllers\gilangController::$db
#0 D:\xampp\htdocs\reqapp_\app\Controllers\gilangController.php(38): CodeIgniter\Debug\Exceptions->errorHandler(8, 'Undefined prope...', 'D:\\xampp\\htdocs...', 38, Array)
#1 D:\xampp\htdocs\reqapp_\system\CodeIgniter.php(918): App\Controllers\gilangController->exporttransaksi()
#2 D:\xampp\htdocs\reqapp_\system\CodeIgniter.php(404): CodeIgniter\CodeIgniter->runController(Object(App\Controllers\gilangController))
#3 D:\xampp\htdocs\reqapp_\system\CodeIgniter.php(312): CodeIgniter\CodeIgniter->handleRequest(NULL, Object(Config\Cache), false)
#4 D:\xampp\htdocs\reqapp_\public\index.php(45): CodeIgniter\CodeIgniter->run()
#5 D:\xampp\htdocs\reqapp_\system\Commands\Server\rewrite.php(34): require_once('D:\\xampp\\htdocs...')
#6 {main}
CRITICAL - 2020-12-20 03:08:35 --> Undefined property: App\Controllers\gilangController::$db
#0 D:\xampp\htdocs\reqapp_\app\Controllers\gilangController.php(37): CodeIgniter\Debug\Exceptions->errorHandler(8, 'Undefined prope...', 'D:\\xampp\\htdocs...', 37, Array)
#1 D:\xampp\htdocs\reqapp_\system\CodeIgniter.php(918): App\Controllers\gilangController->exporttransaksi()
#2 D:\xampp\htdocs\reqapp_\system\CodeIgniter.php(404): CodeIgniter\CodeIgniter->runController(Object(App\Controllers\gilangController))
#3 D:\xampp\htdocs\reqapp_\system\CodeIgniter.php(312): CodeIgniter\CodeIgniter->handleRequest(NULL, Object(Config\Cache), false)
#4 D:\xampp\htdocs\reqapp_\public\index.php(45): CodeIgniter\CodeIgniter->run()
#5 D:\xampp\htdocs\reqapp_\system\Commands\Server\rewrite.php(34): require_once('D:\\xampp\\htdocs...')
#6 {main}
CRITICAL - 2020-12-20 03:09:38 --> Undefined variable: db
#0 D:\xampp\htdocs\reqapp_\app\Controllers\gilangController.php(37): CodeIgniter\Debug\Exceptions->errorHandler(8, 'Undefined varia...', 'D:\\xampp\\htdocs...', 37, Array)
#1 D:\xampp\htdocs\reqapp_\system\CodeIgniter.php(918): App\Controllers\gilangController->exporttransaksi()
#2 D:\xampp\htdocs\reqapp_\system\CodeIgniter.php(404): CodeIgniter\CodeIgniter->runController(Object(App\Controllers\gilangController))
#3 D:\xampp\htdocs\reqapp_\system\CodeIgniter.php(312): CodeIgniter\CodeIgniter->handleRequest(NULL, Object(Config\Cache), false)
#4 D:\xampp\htdocs\reqapp_\public\index.php(45): CodeIgniter\CodeIgniter->run()
#5 D:\xampp\htdocs\reqapp_\system\Commands\Server\rewrite.php(34): require_once('D:\\xampp\\htdocs...')
#6 {main}
CRITICAL - 2020-12-20 03:12:21 --> Undefined variable: db
#0 D:\xampp\htdocs\reqapp_\app\Controllers\gilangController.php(38): CodeIgniter\Debug\Exceptions->errorHandler(8, 'Undefined varia...', 'D:\\xampp\\htdocs...', 38, Array)
#1 D:\xampp\htdocs\reqapp_\system\CodeIgniter.php(918): App\Controllers\gilangController->exporttransaksi()
#2 D:\xampp\htdocs\reqapp_\system\CodeIgniter.php(404): CodeIgniter\CodeIgniter->runController(Object(App\Controllers\gilangController))
#3 D:\xampp\htdocs\reqapp_\system\CodeIgniter.php(312): CodeIgniter\CodeIgniter->handleRequest(NULL, Object(Config\Cache), false)
#4 D:\xampp\htdocs\reqapp_\public\index.php(45): CodeIgniter\CodeIgniter->run()
#5 D:\xampp\htdocs\reqapp_\system\Commands\Server\rewrite.php(34): require_once('D:\\xampp\\htdocs...')
#6 {main}
CRITICAL - 2020-12-20 03:13:24 --> Cannot use empty array elements in arrays
#0 [internal function]: CodeIgniter\Debug\Exceptions->shutdownHandler()
#1 {main}
CRITICAL - 2020-12-20 03:13:31 --> Class 'App\Models\TransaksinModel' not found
#0 D:\xampp\htdocs\reqapp_\system\CodeIgniter.php(918): App\Controllers\gilangController->exporttransaksi()
#1 D:\xampp\htdocs\reqapp_\system\CodeIgniter.php(404): CodeIgniter\CodeIgniter->runController(Object(App\Controllers\gilangController))
#2 D:\xampp\htdocs\reqapp_\system\CodeIgniter.php(312): CodeIgniter\CodeIgniter->handleRequest(NULL, Object(Config\Cache), false)
#3 D:\xampp\htdocs\reqapp_\public\index.php(45): CodeIgniter\CodeIgniter->run()
#4 D:\xampp\htdocs\reqapp_\system\Commands\Server\rewrite.php(34): require_once('D:\\xampp\\htdocs...')
#5 {main}
CRITICAL - 2020-12-20 03:13:41 --> Class 'App\Models\TransaksinModel' not found
#0 D:\xampp\htdocs\reqapp_\system\CodeIgniter.php(918): App\Controllers\gilangController->exporttransaksi()
#1 D:\xampp\htdocs\reqapp_\system\CodeIgniter.php(404): CodeIgniter\CodeIgniter->runController(Object(App\Controllers\gilangController))
#2 D:\xampp\htdocs\reqapp_\system\CodeIgniter.php(312): CodeIgniter\CodeIgniter->handleRequest(NULL, Object(Config\Cache), false)
#3 D:\xampp\htdocs\reqapp_\public\index.php(45): CodeIgniter\CodeIgniter->run()
#4 D:\xampp\htdocs\reqapp_\system\Commands\Server\rewrite.php(34): require_once('D:\\xampp\\htdocs...')
#5 {main}
CRITICAL - 2020-12-20 03:13:43 --> Class 'App\Models\TransaksinModel' not found
#0 D:\xampp\htdocs\reqapp_\system\CodeIgniter.php(918): App\Controllers\gilangController->exporttransaksi()
#1 D:\xampp\htdocs\reqapp_\system\CodeIgniter.php(404): CodeIgniter\CodeIgniter->runController(Object(App\Controllers\gilangController))
#2 D:\xampp\htdocs\reqapp_\system\CodeIgniter.php(312): CodeIgniter\CodeIgniter->handleRequest(NULL, Object(Config\Cache), false)
#3 D:\xampp\htdocs\reqapp_\public\index.php(45): CodeIgniter\CodeIgniter->run()
#4 D:\xampp\htdocs\reqapp_\system\Commands\Server\rewrite.php(34): require_once('D:\\xampp\\htdocs...')
#5 {main}
CRITICAL - 2020-12-20 03:13:50 --> Class 'App\Controllers\TransaksiModel' not found
#0 D:\xampp\htdocs\reqapp_\system\CodeIgniter.php(918): App\Controllers\gilangController->exporttransaksi()
#1 D:\xampp\htdocs\reqapp_\system\CodeIgniter.php(404): CodeIgniter\CodeIgniter->runController(Object(App\Controllers\gilangController))
#2 D:\xampp\htdocs\reqapp_\system\CodeIgniter.php(312): CodeIgniter\CodeIgniter->handleRequest(NULL, Object(Config\Cache), false)
#3 D:\xampp\htdocs\reqapp_\public\index.php(45): CodeIgniter\CodeIgniter->run()
#4 D:\xampp\htdocs\reqapp_\system\Commands\Server\rewrite.php(34): require_once('D:\\xampp\\htdocs...')
#5 {main}
CRITICAL - 2020-12-20 03:14:11 --> Class 'App\Controllers\TransaksiModel' not found
#0 D:\xampp\htdocs\reqapp_\system\CodeIgniter.php(918): App\Controllers\gilangController->exporttransaksi()
#1 D:\xampp\htdocs\reqapp_\system\CodeIgniter.php(404): CodeIgniter\CodeIgniter->runController(Object(App\Controllers\gilangController))
#2 D:\xampp\htdocs\reqapp_\system\CodeIgniter.php(312): CodeIgniter\CodeIgniter->handleRequest(NULL, Object(Config\Cache), false)
#3 D:\xampp\htdocs\reqapp_\public\index.php(45): CodeIgniter\CodeIgniter->run()
#4 D:\xampp\htdocs\reqapp_\system\Commands\Server\rewrite.php(34): require_once('D:\\xampp\\htdocs...')
#5 {main}
CRITICAL - 2020-12-20 03:14:28 --> Undefined index: nama_kategori
#0 D:\xampp\htdocs\reqapp_\app\Views\report\exporttransaksi.php(35): CodeIgniter\Debug\Exceptions->errorHandler(8, 'Undefined index...', 'D:\\xampp\\htdocs...', 35, Array)
#1 D:\xampp\htdocs\reqapp_\system\View\View.php(246): include('D:\\xampp\\htdocs...')
#2 D:\xampp\htdocs\reqapp_\system\Common.php(1119): CodeIgniter\View\View->render('report/exporttr...', Array, true)
#3 D:\xampp\htdocs\reqapp_\app\Controllers\gilangController.php(42): view('report/exporttr...', Array)
#4 D:\xampp\htdocs\reqapp_\system\CodeIgniter.php(918): App\Controllers\gilangController->exporttransaksi()
#5 D:\xampp\htdocs\reqapp_\system\CodeIgniter.php(404): CodeIgniter\CodeIgniter->runController(Object(App\Controllers\gilangController))
#6 D:\xampp\htdocs\reqapp_\system\CodeIgniter.php(312): CodeIgniter\CodeIgniter->handleRequest(NULL, Object(Config\Cache), false)
#7 D:\xampp\htdocs\reqapp_\public\index.php(45): CodeIgniter\CodeIgniter->run()
#8 D:\xampp\htdocs\reqapp_\system\Commands\Server\rewrite.php(34): require_once('D:\\xampp\\htdocs...')
#9 {main}
CRITICAL - 2020-12-20 03:20:35 --> syntax error, unexpected ','
#0 D:\xampp\htdocs\reqapp_\system\Autoloader\Autoloader.php(296): CodeIgniter\Autoloader\Autoloader->requireFile('D:\\xampp\\htdocs...')
#1 D:\xampp\htdocs\reqapp_\system\Autoloader\Autoloader.php(258): CodeIgniter\Autoloader\Autoloader->loadInNamespace('App\\Controllers...')
#2 [internal function]: CodeIgniter\Autoloader\Autoloader->loadClass('App\\Controllers...')
#3 [internal function]: spl_autoload_call('App\\Controllers...')
#4 D:\xampp\htdocs\reqapp_\system\CodeIgniter.php(869): class_exists('\\App\\Controller...', true)
#5 D:\xampp\htdocs\reqapp_\system\CodeIgniter.php(394): CodeIgniter\CodeIgniter->startController()
#6 D:\xampp\htdocs\reqapp_\system\CodeIgniter.php(312): CodeIgniter\CodeIgniter->handleRequest(NULL, Object(Config\Cache), false)
#7 D:\xampp\htdocs\reqapp_\public\index.php(45): CodeIgniter\CodeIgniter->run()
#8 D:\xampp\htdocs\reqapp_\system\Commands\Server\rewrite.php(34): require_once('D:\\xampp\\htdocs...')
#9 {main}
CRITICAL - 2020-12-20 03:20:47 --> Unknown column 'transaksi.kebutuhan_id' in 'on clause'
#0 D:\xampp\htdocs\reqapp_\system\Database\MySQLi\Connection.php(331): mysqli->query('SELECT *\nFROM `...')
#1 D:\xampp\htdocs\reqapp_\system\Database\BaseConnection.php(741): CodeIgniter\Database\MySQLi\Connection->execute('SELECT *\nFROM `...')
#2 D:\xampp\htdocs\reqapp_\system\Database\BaseConnection.php(669): CodeIgniter\Database\BaseConnection->simpleQuery('SELECT *\nFROM `...')
#3 D:\xampp\htdocs\reqapp_\system\Database\BaseBuilder.php(1860): CodeIgniter\Database\BaseConnection->query('SELECT *\nFROM `...', Array, false)
#4 D:\xampp\htdocs\reqapp_\system\Model.php(462): CodeIgniter\Database\BaseBuilder->get()
#5 D:\xampp\htdocs\reqapp_\app\Controllers\gilangController.php(42): CodeIgniter\Model->findAll()
#6 D:\xampp\htdocs\reqapp_\system\CodeIgniter.php(918): App\Controllers\gilangController->exporttransaksi()
#7 D:\xampp\htdocs\reqapp_\system\CodeIgniter.php(404): CodeIgniter\CodeIgniter->runController(Object(App\Controllers\gilangController))
#8 D:\xampp\htdocs\reqapp_\system\CodeIgniter.php(312): CodeIgniter\CodeIgniter->handleRequest(NULL, Object(Config\Cache), false)
#9 D:\xampp\htdocs\reqapp_\public\index.php(45): CodeIgniter\CodeIgniter->run()
#10 D:\xampp\htdocs\reqapp_\system\Commands\Server\rewrite.php(34): require_once('D:\\xampp\\htdocs...')
#11 {main}
CRITICAL - 2020-12-20 03:25:26 --> syntax error, unexpected end of file
#0 D:\xampp\htdocs\reqapp_\system\Common.php(1119): CodeIgniter\View\View->render('report/exporttr...', Array, true)
#1 D:\xampp\htdocs\reqapp_\app\Controllers\gilangController.php(57): view('report/exporttr...', Array)
#2 D:\xampp\htdocs\reqapp_\system\CodeIgniter.php(918): App\Controllers\gilangController->exporttransaksi()
#3 D:\xampp\htdocs\reqapp_\system\CodeIgniter.php(404): CodeIgniter\CodeIgniter->runController(Object(App\Controllers\gilangController))
#4 D:\xampp\htdocs\reqapp_\system\CodeIgniter.php(312): CodeIgniter\CodeIgniter->handleRequest(NULL, Object(Config\Cache), false)
#5 D:\xampp\htdocs\reqapp_\public\index.php(45): CodeIgniter\CodeIgniter->run()
#6 D:\xampp\htdocs\reqapp_\system\Commands\Server\rewrite.php(34): require_once('D:\\xampp\\htdocs...')
#7 {main}
CRITICAL - 2020-12-20 03:33:59 --> ZipArchive::getFromName(): Invalid or uninitialized Zip object
#0 [internal function]: CodeIgniter\Debug\Exceptions->errorHandler(2, 'ZipArchive::get...', 'D:\\xampp\\htdocs...', 303, Array)
#1 D:\xampp\htdocs\reqapp_\vendor\phpoffice\phpspreadsheet\src\PhpSpreadsheet\Reader\Xlsx.php(303): ZipArchive->getFromName('_rels/.rels', 0, 1)
#2 D:\xampp\htdocs\reqapp_\vendor\phpoffice\phpspreadsheet\src\PhpSpreadsheet\Reader\Xlsx.php(2012): PhpOffice\PhpSpreadsheet\Reader\Xlsx->getFromZipArchive(Object(ZipArchive), '_rels/.rels')
#3 D:\xampp\htdocs\reqapp_\vendor\phpoffice\phpspreadsheet\src\PhpSpreadsheet\Reader\Xlsx.php(336): PhpOffice\PhpSpreadsheet\Reader\Xlsx->getWorkbookBaseName(Object(ZipArchive))
#4 D:\xampp\htdocs\reqapp_\app\Controllers\gilangController.php(79): PhpOffice\PhpSpreadsheet\Reader\Xlsx->load('D:\\xampp\\tmp\\ph...')
#5 D:\xampp\htdocs\reqapp_\system\CodeIgniter.php(918): App\Controllers\gilangController->uploadkebutuhan()
#6 D:\xampp\htdocs\reqapp_\system\CodeIgniter.php(404): CodeIgniter\CodeIgniter->runController(Object(App\Controllers\gilangController))
#7 D:\xampp\htdocs\reqapp_\system\CodeIgniter.php(312): CodeIgniter\CodeIgniter->handleRequest(NULL, Object(Config\Cache), false)
#8 D:\xampp\htdocs\reqapp_\public\index.php(45): CodeIgniter\CodeIgniter->run()
#9 D:\xampp\htdocs\reqapp_\system\Commands\Server\rewrite.php(34): require_once('D:\\xampp\\htdocs...')
#10 {main}
CRITICAL - 2020-12-20 03:48:31 --> syntax error, unexpected '}'
#0 D:\xampp\htdocs\reqapp_\system\Autoloader\Autoloader.php(296): CodeIgniter\Autoloader\Autoloader->requireFile('D:\\xampp\\htdocs...')
#1 D:\xampp\htdocs\reqapp_\system\Autoloader\Autoloader.php(258): CodeIgniter\Autoloader\Autoloader->loadInNamespace('App\\Controllers...')
#2 [internal function]: CodeIgniter\Autoloader\Autoloader->loadClass('App\\Controllers...')
#3 [internal function]: spl_autoload_call('App\\Controllers...')
#4 D:\xampp\htdocs\reqapp_\system\CodeIgniter.php(869): class_exists('\\App\\Controller...', true)
#5 D:\xampp\htdocs\reqapp_\system\CodeIgniter.php(394): CodeIgniter\CodeIgniter->startController()
#6 D:\xampp\htdocs\reqapp_\system\CodeIgniter.php(312): CodeIgniter\CodeIgniter->handleRequest(NULL, Object(Config\Cache), false)
#7 D:\xampp\htdocs\reqapp_\public\index.php(45): CodeIgniter\CodeIgniter->run()
#8 D:\xampp\htdocs\reqapp_\system\Commands\Server\rewrite.php(34): require_once('D:\\xampp\\htdocs...')
#9 {main}
CRITICAL - 2020-12-20 03:48:41 --> syntax error, unexpected '$tambah' (T_VARIABLE)
#0 D:\xampp\htdocs\reqapp_\system\Autoloader\Autoloader.php(296): CodeIgniter\Autoloader\Autoloader->requireFile('D:\\xampp\\htdocs...')
#1 D:\xampp\htdocs\reqapp_\system\Autoloader\Autoloader.php(258): CodeIgniter\Autoloader\Autoloader->loadInNamespace('App\\Controllers...')
#2 [internal function]: CodeIgniter\Autoloader\Autoloader->loadClass('App\\Controllers...')
#3 [internal function]: spl_autoload_call('App\\Controllers...')
#4 D:\xampp\htdocs\reqapp_\system\CodeIgniter.php(869): class_exists('\\App\\Controller...', true)
#5 D:\xampp\htdocs\reqapp_\system\CodeIgniter.php(394): CodeIgniter\CodeIgniter->startController()
#6 D:\xampp\htdocs\reqapp_\system\CodeIgniter.php(312): CodeIgniter\CodeIgniter->handleRequest(NULL, Object(Config\Cache), false)
#7 D:\xampp\htdocs\reqapp_\public\index.php(45): CodeIgniter\CodeIgniter->run()
#8 D:\xampp\htdocs\reqapp_\system\Commands\Server\rewrite.php(34): require_once('D:\\xampp\\htdocs...')
#9 {main}
CRITICAL - 2020-12-20 03:49:14 --> Undefined variable: model
#0 D:\xampp\htdocs\reqapp_\app\Controllers\gilangController.php(86): CodeIgniter\Debug\Exceptions->errorHandler(8, 'Undefined varia...', 'D:\\xampp\\htdocs...', 86, Array)
#1 D:\xampp\htdocs\reqapp_\system\CodeIgniter.php(918): App\Controllers\gilangController->uploadkebutuhan()
#2 D:\xampp\htdocs\reqapp_\system\CodeIgniter.php(404): CodeIgniter\CodeIgniter->runController(Object(App\Controllers\gilangController))
#3 D:\xampp\htdocs\reqapp_\system\CodeIgniter.php(312): CodeIgniter\CodeIgniter->handleRequest(NULL, Object(Config\Cache), false)
#4 D:\xampp\htdocs\reqapp_\public\index.php(45): CodeIgniter\CodeIgniter->run()
#5 D:\xampp\htdocs\reqapp_\system\Commands\Server\rewrite.php(34): require_once('D:\\xampp\\htdocs...')
#6 {main}
CRITICAL - 2020-12-20 03:49:30 --> Undefined variable: model
#0 D:\xampp\htdocs\reqapp_\app\Controllers\gilangController.php(84): CodeIgniter\Debug\Exceptions->errorHandler(8, 'Undefined varia...', 'D:\\xampp\\htdocs...', 84, Array)
#1 D:\xampp\htdocs\reqapp_\system\CodeIgniter.php(918): App\Controllers\gilangController->uploadkebutuhan()
#2 D:\xampp\htdocs\reqapp_\system\CodeIgniter.php(404): CodeIgniter\CodeIgniter->runController(Object(App\Controllers\gilangController))
#3 D:\xampp\htdocs\reqapp_\system\CodeIgniter.php(312): CodeIgniter\CodeIgniter->handleRequest(NULL, Object(Config\Cache), false)
#4 D:\xampp\htdocs\reqapp_\public\index.php(45): CodeIgniter\CodeIgniter->run()
#5 D:\xampp\htdocs\reqapp_\system\Commands\Server\rewrite.php(34): require_once('D:\\xampp\\htdocs...')
#6 {main}
CRITICAL - 2020-12-20 03:49:45 --> Undefined property: App\Controllers\gilangController::$db
#0 D:\xampp\htdocs\reqapp_\app\Controllers\gilangController.php(104): CodeIgniter\Debug\Exceptions->errorHandler(8, 'Undefined prope...', 'D:\\xampp\\htdocs...', 104, Array)
#1 D:\xampp\htdocs\reqapp_\system\CodeIgniter.php(918): App\Controllers\gilangController->uploadkebutuhan()
#2 D:\xampp\htdocs\reqapp_\system\CodeIgniter.php(404): CodeIgniter\CodeIgniter->runController(Object(App\Controllers\gilangController))
#3 D:\xampp\htdocs\reqapp_\system\CodeIgniter.php(312): CodeIgniter\CodeIgniter->handleRequest(NULL, Object(Config\Cache), false)
#4 D:\xampp\htdocs\reqapp_\public\index.php(45): CodeIgniter\CodeIgniter->run()
#5 D:\xampp\htdocs\reqapp_\system\Commands\Server\rewrite.php(34): require_once('D:\\xampp\\htdocs...')
#6 {main}
CRITICAL - 2020-12-20 03:50:07 --> Call to undefined method App\Models\DaftarKebutuhanModel::insert_batch
#0 D:\xampp\htdocs\reqapp_\app\Controllers\gilangController.php(105): CodeIgniter\Model->__call('insert_batch', Array)
#1 D:\xampp\htdocs\reqapp_\system\CodeIgniter.php(918): App\Controllers\gilangController->uploadkebutuhan()
#2 D:\xampp\htdocs\reqapp_\system\CodeIgniter.php(404): CodeIgniter\CodeIgniter->runController(Object(App\Controllers\gilangController))
#3 D:\xampp\htdocs\reqapp_\system\CodeIgniter.php(312): CodeIgniter\CodeIgniter->handleRequest(NULL, Object(Config\Cache), false)
#4 D:\xampp\htdocs\reqapp_\public\index.php(45): CodeIgniter\CodeIgniter->run()
#5 D:\xampp\htdocs\reqapp_\system\Commands\Server\rewrite.php(34): require_once('D:\\xampp\\htdocs...')
#6 {main}
CRITICAL - 2020-12-20 03:52:14 --> Argument 1 passed to CodeIgniter\Model::insertBatch() must be of the type array or null, string given, called in D:\xampp\htdocs\reqapp_\app\Controllers\gilangController.php on line 105
#0 D:\xampp\htdocs\reqapp_\app\Controllers\gilangController.php(105): CodeIgniter\Model->insertBatch('kebutuhan', Array)
#1 D:\xampp\htdocs\reqapp_\system\CodeIgniter.php(918): App\Controllers\gilangController->uploadkebutuhan()
#2 D:\xampp\htdocs\reqapp_\system\CodeIgniter.php(404): CodeIgniter\CodeIgniter->runController(Object(App\Controllers\gilangController))
#3 D:\xampp\htdocs\reqapp_\system\CodeIgniter.php(312): CodeIgniter\CodeIgniter->handleRequest(NULL, Object(Config\Cache), false)
#4 D:\xampp\htdocs\reqapp_\public\index.php(45): CodeIgniter\CodeIgniter->run()
#5 D:\xampp\htdocs\reqapp_\system\Commands\Server\rewrite.php(34): require_once('D:\\xampp\\htdocs...')
#6 {main}
CRITICAL - 2020-12-20 03:52:33 --> Argument 1 passed to CodeIgniter\Model::insertBatch() must be of the type array or null, string given, called in D:\xampp\htdocs\reqapp_\app\Controllers\gilangController.php on line 105
#0 D:\xampp\htdocs\reqapp_\app\Controllers\gilangController.php(105): CodeIgniter\Model->insertBatch('kebutuhan', Array)
#1 D:\xampp\htdocs\reqapp_\system\CodeIgniter.php(918): App\Controllers\gilangController->uploadkebutuhan()
#2 D:\xampp\htdocs\reqapp_\system\CodeIgniter.php(404): CodeIgniter\CodeIgniter->runController(Object(App\Controllers\gilangController))
#3 D:\xampp\htdocs\reqapp_\system\CodeIgniter.php(312): CodeIgniter\CodeIgniter->handleRequest(NULL, Object(Config\Cache), false)
#4 D:\xampp\htdocs\reqapp_\public\index.php(45): CodeIgniter\CodeIgniter->run()
#5 D:\xampp\htdocs\reqapp_\system\Commands\Server\rewrite.php(34): require_once('D:\\xampp\\htdocs...')
#6 {main}
CRITICAL - 2020-12-20 03:53:05 --> Argument 1 passed to CodeIgniter\Model::insertBatch() must be of the type array or null, string given, called in D:\xampp\htdocs\reqapp_\app\Controllers\gilangController.php on line 105
#0 D:\xampp\htdocs\reqapp_\app\Controllers\gilangController.php(105): CodeIgniter\Model->insertBatch('kebutuhan', Array)
#1 D:\xampp\htdocs\reqapp_\system\CodeIgniter.php(918): App\Controllers\gilangController->uploadkebutuhan()
#2 D:\xampp\htdocs\reqapp_\system\CodeIgniter.php(404): CodeIgniter\CodeIgniter->runController(Object(App\Controllers\gilangController))
#3 D:\xampp\htdocs\reqapp_\system\CodeIgniter.php(312): CodeIgniter\CodeIgniter->handleRequest(NULL, Object(Config\Cache), false)
#4 D:\xampp\htdocs\reqapp_\public\index.php(45): CodeIgniter\CodeIgniter->run()
#5 D:\xampp\htdocs\reqapp_\system\Commands\Server\rewrite.php(34): require_once('D:\\xampp\\htdocs...')
#6 {main}
CRITICAL - 2020-12-20 03:53:39 --> Cannot add or update a child row: a foreign key constraint fails (`reqapp_db`.`kebutuhan`, CONSTRAINT `kebutuhan_ibfk_1` FOREIGN KEY (`kategori_kebutuhan_id`) REFERENCES `kategori_kebutuhan` (`kategori_kebutuhan_id`) ON DELETE CASCADE ON UPDATE NO ACTION)
#0 D:\xampp\htdocs\reqapp_\system\Database\MySQLi\Connection.php(331): mysqli->query('INSERT INTO `ke...')
#1 D:\xampp\htdocs\reqapp_\system\Database\BaseConnection.php(741): CodeIgniter\Database\MySQLi\Connection->execute('INSERT INTO `ke...')
#2 D:\xampp\htdocs\reqapp_\system\Database\BaseConnection.php(669): CodeIgniter\Database\BaseConnection->simpleQuery('INSERT INTO `ke...')
#3 D:\xampp\htdocs\reqapp_\system\Database\BaseBuilder.php(2091): CodeIgniter\Database\BaseConnection->query('INSERT INTO `ke...', Array, false)
#4 D:\xampp\htdocs\reqapp_\system\Model.php(801): CodeIgniter\Database\BaseBuilder->insertBatch(Array, NULL, 100)
#5 D:\xampp\htdocs\reqapp_\app\Controllers\gilangController.php(105): CodeIgniter\Model->insertBatch(Array)
#6 D:\xampp\htdocs\reqapp_\system\CodeIgniter.php(918): App\Controllers\gilangController->uploadkebutuhan()
#7 D:\xampp\htdocs\reqapp_\system\CodeIgniter.php(404): CodeIgniter\CodeIgniter->runController(Object(App\Controllers\gilangController))
#8 D:\xampp\htdocs\reqapp_\system\CodeIgniter.php(312): CodeIgniter\CodeIgniter->handleRequest(NULL, Object(Config\Cache), false)
#9 D:\xampp\htdocs\reqapp_\public\index.php(45): CodeIgniter\CodeIgniter->run()
#10 D:\xampp\htdocs\reqapp_\system\Commands\Server\rewrite.php(34): require_once('D:\\xampp\\htdocs...')
#11 {main}
CRITICAL - 2020-12-20 03:54:54 --> syntax error, unexpected 'array_push' (T_STRING)
#0 D:\xampp\htdocs\reqapp_\system\Autoloader\Autoloader.php(296): CodeIgniter\Autoloader\Autoloader->requireFile('D:\\xampp\\htdocs...')
#1 D:\xampp\htdocs\reqapp_\system\Autoloader\Autoloader.php(258): CodeIgniter\Autoloader\Autoloader->loadInNamespace('App\\Controllers...')
#2 [internal function]: CodeIgniter\Autoloader\Autoloader->loadClass('App\\Controllers...')
#3 [internal function]: spl_autoload_call('App\\Controllers...')
#4 D:\xampp\htdocs\reqapp_\system\CodeIgniter.php(869): class_exists('\\App\\Controller...', true)
#5 D:\xampp\htdocs\reqapp_\system\CodeIgniter.php(394): CodeIgniter\CodeIgniter->startController()
#6 D:\xampp\htdocs\reqapp_\system\CodeIgniter.php(312): CodeIgniter\CodeIgniter->handleRequest(NULL, Object(Config\Cache), false)
#7 D:\xampp\htdocs\reqapp_\public\index.php(45): CodeIgniter\CodeIgniter->run()
#8 D:\xampp\htdocs\reqapp_\system\Commands\Server\rewrite.php(34): require_once('D:\\xampp\\htdocs...')
#9 {main}
